netcdf = wrfxtrm_d01_1984-12-01_00_00_00 {
dimensions:
	Time = UNLIMITED ; // (32 currently)
	DateStrLen = 19 ;
	west_east = 444 ;
	south_north = 432 ;
variables:
	char Times(Time, DateStrLen) ;
	float T2MIN(Time, south_north, west_east) ;
		T2MIN:FieldType = 104 ;
		T2MIN:MemoryOrder = "XY " ;
		T2MIN:description = "MINIMUM TEMPERATURE AT 2M HEIGHT IN DIAGNOSTIC OUTPUT INTERVAL" ;
		T2MIN:units = "K" ;
		T2MIN:stagger = "" ;
		T2MIN:coordinates = "XLONG XLAT XTIME" ;
	float T2MAX(Time, south_north, west_east) ;
		T2MAX:FieldType = 104 ;
		T2MAX:MemoryOrder = "XY " ;
		T2MAX:description = "MAXIMUM TEMPERATURE AT 2M HEIGHT IN DIAGNOSTIC OUTPUT INTERVAL" ;
		T2MAX:units = "K" ;
		T2MAX:stagger = "" ;
		T2MAX:coordinates = "XLONG XLAT XTIME" ;
	float TT2MIN(Time, south_north, west_east) ;
		TT2MIN:FieldType = 104 ;
		TT2MIN:MemoryOrder = "XY " ;
		TT2MIN:description = "TIME OF MINIMUM TEMPERATURE AT 2M HEIGHT IN DIAGNOSTIC OUTPUT INTERVAL" ;
		TT2MIN:units = "minute" ;
		TT2MIN:stagger = "" ;
		TT2MIN:coordinates = "XLONG XLAT XTIME" ;
	float TT2MAX(Time, south_north, west_east) ;
		TT2MAX:FieldType = 104 ;
		TT2MAX:MemoryOrder = "XY " ;
		TT2MAX:description = "TIME OF MAXIMUM TEMPERATURE AT 2M HEIGHT IN DIAGNOSTIC OUTPUT INTERVAL" ;
		TT2MAX:units = "minute" ;
		TT2MAX:stagger = "" ;
		TT2MAX:coordinates = "XLONG XLAT XTIME" ;
	float T2MEAN(Time, south_north, west_east) ;
		T2MEAN:FieldType = 104 ;
		T2MEAN:MemoryOrder = "XY " ;
		T2MEAN:description = "MEAN TEMPERATURE AT 2M HEIGHT IN DIAGNOSTIC OUTPUT INTERVAL" ;
		T2MEAN:units = "K" ;
		T2MEAN:stagger = "" ;
		T2MEAN:coordinates = "XLONG XLAT XTIME" ;
	float T2STD(Time, south_north, west_east) ;
		T2STD:FieldType = 104 ;
		T2STD:MemoryOrder = "XY " ;
		T2STD:description = "STANDARD DEV. TEMPERATURE AT 2M HEIGHT IN DIAGNOSTIC OUTPUT INTERVAL" ;
		T2STD:units = "k" ;
		T2STD:stagger = "" ;
		T2STD:coordinates = "XLONG XLAT XTIME" ;
	float Q2MIN(Time, south_north, west_east) ;
		Q2MIN:FieldType = 104 ;
		Q2MIN:MemoryOrder = "XY " ;
		Q2MIN:description = "MINIMUM WATER VAPOR MIX. RAT. AT 2M HEIGHT IN DIAGNOSTIC OUTPUT INTERVAL" ;
		Q2MIN:units = "kg kg-1" ;
		Q2MIN:stagger = "" ;
		Q2MIN:coordinates = "XLONG XLAT XTIME" ;
	float Q2MAX(Time, south_north, west_east) ;
		Q2MAX:FieldType = 104 ;
		Q2MAX:MemoryOrder = "XY " ;
		Q2MAX:description = "MAXIMUM WATER VAPOR MIX. RAT. AT 2M HEIGHT IN DIAGNOSTIC OUTPUT INTERVAL" ;
		Q2MAX:units = "kg kg-1" ;
		Q2MAX:stagger = "" ;
		Q2MAX:coordinates = "XLONG XLAT XTIME" ;
	float TQ2MIN(Time, south_north, west_east) ;
		TQ2MIN:FieldType = 104 ;
		TQ2MIN:MemoryOrder = "XY " ;
		TQ2MIN:description = "TIME OF MINIMUM WATER VAPOR MIX. RAT. AT 2M HEIGHT IN DIAGNOSTIC OUTPUT INTERVAL" ;
		TQ2MIN:units = "minute" ;
		TQ2MIN:stagger = "" ;
		TQ2MIN:coordinates = "XLONG XLAT XTIME" ;
	float TQ2MAX(Time, south_north, west_east) ;
		TQ2MAX:FieldType = 104 ;
		TQ2MAX:MemoryOrder = "XY " ;
		TQ2MAX:description = "TIME OF MAXIMUM WATER VAPOR MIX. RAT. AT 2M HEIGHT IN DIAGNOSTIC OUTPUT INTERVAL" ;
		TQ2MAX:units = "minute" ;
		TQ2MAX:stagger = "" ;
		TQ2MAX:coordinates = "XLONG XLAT XTIME" ;
	float Q2MEAN(Time, south_north, west_east) ;
		Q2MEAN:FieldType = 104 ;
		Q2MEAN:MemoryOrder = "XY " ;
		Q2MEAN:description = "MEAN WATER VAPOR MIX. RAT. AT 2M HEIGHT IN DIAGNOSTIC OUTPUT INTERVAL" ;
		Q2MEAN:units = "kg kg-1" ;
		Q2MEAN:stagger = "" ;
		Q2MEAN:coordinates = "XLONG XLAT XTIME" ;
	float Q2STD(Time, south_north, west_east) ;
		Q2STD:FieldType = 104 ;
		Q2STD:MemoryOrder = "XY " ;
		Q2STD:description = "STANDARD DEV. WATER VAPOR MIX. RAT. AT 2M HEIGHT IN DIAGNOSTIC OUTPUT INTERVAL" ;
		Q2STD:units = "kg kg-1" ;
		Q2STD:stagger = "" ;
		Q2STD:coordinates = "XLONG XLAT XTIME" ;
	float SKINTEMPMIN(Time, south_north, west_east) ;
		SKINTEMPMIN:FieldType = 104 ;
		SKINTEMPMIN:MemoryOrder = "XY " ;
		SKINTEMPMIN:description = "MINIMUM SKIN TEMPERATURE IN DIAGNOSTIC OUTPUT INTERVAL" ;
		SKINTEMPMIN:units = "K" ;
		SKINTEMPMIN:stagger = "" ;
		SKINTEMPMIN:coordinates = "XLONG XLAT XTIME" ;
	float SKINTEMPMAX(Time, south_north, west_east) ;
		SKINTEMPMAX:FieldType = 104 ;
		SKINTEMPMAX:MemoryOrder = "XY " ;
		SKINTEMPMAX:description = "MAXIMUM SKIN TEMPERATURE IN DIAGNOSTIC OUTPUT INTERVAL" ;
		SKINTEMPMAX:units = "K" ;
		SKINTEMPMAX:stagger = "" ;
		SKINTEMPMAX:coordinates = "XLONG XLAT XTIME" ;
	float TSKINTEMPMIN(Time, south_north, west_east) ;
		TSKINTEMPMIN:FieldType = 104 ;
		TSKINTEMPMIN:MemoryOrder = "XY " ;
		TSKINTEMPMIN:description = "TIME OF MINIMUM SKIN TEMPERATURE IN DIAGNOSTIC OUTPUT INTERVAL" ;
		TSKINTEMPMIN:units = "minute" ;
		TSKINTEMPMIN:stagger = "" ;
		TSKINTEMPMIN:coordinates = "XLONG XLAT XTIME" ;
	float TSKINTEMPMAX(Time, south_north, west_east) ;
		TSKINTEMPMAX:FieldType = 104 ;
		TSKINTEMPMAX:MemoryOrder = "XY " ;
		TSKINTEMPMAX:description = "TIME OF MAXIMUM SKIN TEMPERATURE IN DIAGNOSTIC OUTPUT INTERVAL" ;
		TSKINTEMPMAX:units = "minute" ;
		TSKINTEMPMAX:stagger = "" ;
		TSKINTEMPMAX:coordinates = "XLONG XLAT XTIME" ;
	float SKINTEMPMEAN(Time, south_north, west_east) ;
		SKINTEMPMEAN:FieldType = 104 ;
		SKINTEMPMEAN:MemoryOrder = "XY " ;
		SKINTEMPMEAN:description = "MEAN SKIN TEMPERATURE IN DIAGNOSTIC OUTPUT INTERVAL" ;
		SKINTEMPMEAN:units = "K" ;
		SKINTEMPMEAN:stagger = "" ;
		SKINTEMPMEAN:coordinates = "XLONG XLAT XTIME" ;
	float SKINTEMPSTD(Time, south_north, west_east) ;
		SKINTEMPSTD:FieldType = 104 ;
		SKINTEMPSTD:MemoryOrder = "XY " ;
		SKINTEMPSTD:description = "STANDARD DEV. OF SKIN TEMPERATURE IN CLWRF HOURS" ;
		SKINTEMPSTD:units = "K" ;
		SKINTEMPSTD:stagger = "" ;
		SKINTEMPSTD:coordinates = "XLONG XLAT XTIME" ;
	float U10MAX(Time, south_north, west_east) ;
		U10MAX:FieldType = 104 ;
		U10MAX:MemoryOrder = "XY " ;
		U10MAX:description = "MAXIMUM U AT 10M HEIGHT IN DIAGNOSTIC OUTPUT INTERVAL" ;
		U10MAX:units = "m s-1" ;
		U10MAX:stagger = "" ;
		U10MAX:coordinates = "XLONG XLAT XTIME" ;
	float V10MAX(Time, south_north, west_east) ;
		V10MAX:FieldType = 104 ;
		V10MAX:MemoryOrder = "XY " ;
		V10MAX:description = "MAXIMUM V AT 10M HEIGHT IN DIAGNOSTIC OUTPUT INTERVAL" ;
		V10MAX:units = "m s-1" ;
		V10MAX:stagger = "" ;
		V10MAX:coordinates = "XLONG XLAT XTIME" ;
	float SPDUV10MAX(Time, south_north, west_east) ;
		SPDUV10MAX:FieldType = 104 ;
		SPDUV10MAX:MemoryOrder = "XY " ;
		SPDUV10MAX:description = "MAXIMUM WIND SPEED AT 10M HEIGHT IN DIAGNOSTIC OUTPUT INTERVAL" ;
		SPDUV10MAX:units = "m s-1" ;
		SPDUV10MAX:stagger = "" ;
		SPDUV10MAX:coordinates = "XLONG XLAT XTIME" ;
	float TSPDUV10MAX(Time, south_north, west_east) ;
		TSPDUV10MAX:FieldType = 104 ;
		TSPDUV10MAX:MemoryOrder = "XY " ;
		TSPDUV10MAX:description = "TIME OF MAXIMUM WIND SPEED AT 10M HEIGHT IN DIAGNOSTIC OUTPUT INTERVAL" ;
		TSPDUV10MAX:units = "minute" ;
		TSPDUV10MAX:stagger = "" ;
		TSPDUV10MAX:coordinates = "XLONG XLAT XTIME" ;
	float U10MEAN(Time, south_north, west_east) ;
		U10MEAN:FieldType = 104 ;
		U10MEAN:MemoryOrder = "XY " ;
		U10MEAN:description = "MEAN U AT 10M HEIGHT IN DIAGNOSTIC OUTPUT INTERVAL" ;
		U10MEAN:units = "m s-1" ;
		U10MEAN:stagger = "" ;
		U10MEAN:coordinates = "XLONG XLAT XTIME" ;
	float V10MEAN(Time, south_north, west_east) ;
		V10MEAN:FieldType = 104 ;
		V10MEAN:MemoryOrder = "XY " ;
		V10MEAN:description = "MEAN V AT 10M HEIGHT IN DIAGNOSTIC OUTPUT INTERVAL" ;
		V10MEAN:units = "m s-1" ;
		V10MEAN:stagger = "" ;
		V10MEAN:coordinates = "XLONG XLAT XTIME" ;
	float SPDUV10MEAN(Time, south_north, west_east) ;
		SPDUV10MEAN:FieldType = 104 ;
		SPDUV10MEAN:MemoryOrder = "XY " ;
		SPDUV10MEAN:description = "MEAN WIND SPEED AT 10M HEIGHT IN DIAGNOSTIC OUTPUT INTERVAL" ;
		SPDUV10MEAN:units = "m s-1" ;
		SPDUV10MEAN:stagger = "" ;
		SPDUV10MEAN:coordinates = "XLONG XLAT XTIME" ;
	float U10STD(Time, south_north, west_east) ;
		U10STD:FieldType = 104 ;
		U10STD:MemoryOrder = "XY " ;
		U10STD:description = "STANDARD DEV. U AT 10M HEIGHT IN DIAGNOSTIC OUTPUT INTERVAL" ;
		U10STD:units = "m s-1" ;
		U10STD:stagger = "" ;
		U10STD:coordinates = "XLONG XLAT XTIME" ;
	float V10STD(Time, south_north, west_east) ;
		V10STD:FieldType = 104 ;
		V10STD:MemoryOrder = "XY " ;
		V10STD:description = "STANDARD DEV. V AT 10M HEIGHT IN DIAGNOSTIC OUTPUT INTERVAL" ;
		V10STD:units = "m s-1" ;
		V10STD:stagger = "" ;
		V10STD:coordinates = "XLONG XLAT XTIME" ;
	float SPDUV10STD(Time, south_north, west_east) ;
		SPDUV10STD:FieldType = 104 ;
		SPDUV10STD:MemoryOrder = "XY " ;
		SPDUV10STD:description = "STANDARD DEV. WIND SPEED AT 10M HEIGHT IN DIAGNOSTIC OUTPUT INTERVAL" ;
		SPDUV10STD:units = "m s-1" ;
		SPDUV10STD:stagger = "" ;
		SPDUV10STD:coordinates = "XLONG XLAT XTIME" ;
	float RAINCVMAX(Time, south_north, west_east) ;
		RAINCVMAX:FieldType = 104 ;
		RAINCVMAX:MemoryOrder = "XY " ;
		RAINCVMAX:description = "MAXIMUM CUMULUS PRECIPITATION FLUX IN DIAGNOSTIC OUTPUT INTERVAL" ;
		RAINCVMAX:units = "kg m-2 s-1" ;
		RAINCVMAX:stagger = "" ;
		RAINCVMAX:coordinates = "XLONG XLAT XTIME" ;
	float RAINNCVMAX(Time, south_north, west_east) ;
		RAINNCVMAX:FieldType = 104 ;
		RAINNCVMAX:MemoryOrder = "XY " ;
		RAINNCVMAX:description = "MAXIMUM GRID SCALE PRECIPITATION FLUX IN DIAGNOSTIC OUTPUT INTERVAL" ;
		RAINNCVMAX:units = "kg m-2 s-1" ;
		RAINNCVMAX:stagger = "" ;
		RAINNCVMAX:coordinates = "XLONG XLAT XTIME" ;
	float TRAINCVMAX(Time, south_north, west_east) ;
		TRAINCVMAX:FieldType = 104 ;
		TRAINCVMAX:MemoryOrder = "XY " ;
		TRAINCVMAX:description = "TIME OF MAXIMUM CUMULUS PRECIPITATION FLUX IN DIAGNOSTIC OUTPUT INTERVAL" ;
		TRAINCVMAX:units = "minute" ;
		TRAINCVMAX:stagger = "" ;
		TRAINCVMAX:coordinates = "XLONG XLAT XTIME" ;
	float TRAINNCVMAX(Time, south_north, west_east) ;
		TRAINNCVMAX:FieldType = 104 ;
		TRAINNCVMAX:MemoryOrder = "XY " ;
		TRAINNCVMAX:description = "TIME OF MAXIMUM GRID SCALE PRECIPITATION FLUX IN DIAGNOSTIC OUTPUT INTERVAL" ;
		TRAINNCVMAX:units = "minute" ;
		TRAINNCVMAX:stagger = "" ;
		TRAINNCVMAX:coordinates = "XLONG XLAT XTIME" ;
	float RAINCVMEAN(Time, south_north, west_east) ;
		RAINCVMEAN:FieldType = 104 ;
		RAINCVMEAN:MemoryOrder = "XY " ;
		RAINCVMEAN:description = "MEAN CUMULUS PRECIPITATION FLUX IN DIAGNOSTIC OUTPUT INTERVAL" ;
		RAINCVMEAN:units = "kg m-2 s-1" ;
		RAINCVMEAN:stagger = "" ;
		RAINCVMEAN:coordinates = "XLONG XLAT XTIME" ;
	float RAINNCVMEAN(Time, south_north, west_east) ;
		RAINNCVMEAN:FieldType = 104 ;
		RAINNCVMEAN:MemoryOrder = "XY " ;
		RAINNCVMEAN:description = "MEAN GRID SCALE PRECIPITATION FLUX IN DIAGNOSTIC OUTPUT INTERVAL" ;
		RAINNCVMEAN:units = "kg m-2 s-1" ;
		RAINNCVMEAN:stagger = "" ;
		RAINNCVMEAN:coordinates = "XLONG XLAT XTIME" ;
	float RAINCVSTD(Time, south_north, west_east) ;
		RAINCVSTD:FieldType = 104 ;
		RAINCVSTD:MemoryOrder = "XY " ;
		RAINCVSTD:description = "STANDARD DEV. CUMULUS PRECIPITATION FLUX IN DIAGNOSTIC OUTPUT INTERVAL" ;
		RAINCVSTD:units = "kg m-2 s-1" ;
		RAINCVSTD:stagger = "" ;
		RAINCVSTD:coordinates = "XLONG XLAT XTIME" ;
	float RAINNCVSTD(Time, south_north, west_east) ;
		RAINNCVSTD:FieldType = 104 ;
		RAINNCVSTD:MemoryOrder = "XY " ;
		RAINNCVSTD:description = "STANDARD DEV. GRID SCALE PRECIPITATION IN FLUX DIAGNOSTIC OUTPUT INTERVAL" ;
		RAINNCVSTD:units = "kg m-2 s-1" ;
		RAINNCVSTD:stagger = "" ;
		RAINNCVSTD:coordinates = "XLONG XLAT XTIME" ;

// global attributes:
		:TITLE = " OUTPUT FROM WRF V4.5.1 MODEL" ;
		:START_DATE = "1984-12-01_00:00:00" ;
		:WEST-EAST_GRID_DIMENSION = 445 ;
		:SOUTH-NORTH_GRID_DIMENSION = 433 ;
		:BOTTOM-TOP_GRID_DIMENSION = 54 ;
		:DX = 12229.52f ;
		:DY = 12229.52f ;
		:AERCU_OPT = 0 ;
		:AERCU_FCT = 1.f ;
		:IDEAL_CASE = 0 ;
		:DIFF_6TH_SLOPEOPT = 0 ;
		:AUTO_LEVELS_OPT = 2 ;
		:DIFF_6TH_THRESH = 0.1f ;
		:DZBOT = 35.f ;
		:DZSTRETCH_S = 1.2f ;
		:DZSTRETCH_U = 1.04f ;
		:GRIDTYPE = "C" ;
		:DIFF_OPT = 2 ;
		:KM_OPT = 4 ;
		:DAMP_OPT = 3 ;
		:DAMPCOEF = 0.2f ;
		:KHDIF = 0.f ;
		:KVDIF = 0.f ;
		:MP_PHYSICS = 8 ;
		:RA_LW_PHYSICS = 4 ;
		:RA_SW_PHYSICS = 4 ;
		:SF_SFCLAY_PHYSICS = 5 ;
		:SF_SURFACE_PHYSICS = 4 ;
		:BL_PBL_PHYSICS = 5 ;
		:CU_PHYSICS = 1 ;
		:SF_LAKE_PHYSICS = 0 ;
		:SURFACE_INPUT_SOURCE = 1 ;
		:SST_UPDATE = 1 ;
		:GHG_INPUT = 1 ;
		:GRID_FDDA = 0 ;
		:GFDDA_INTERVAL_M = 0 ;
		:GFDDA_END_H = 0 ;
		:GRID_SFDDA = 0 ;
		:SGFDDA_INTERVAL_M = 0 ;
		:SGFDDA_END_H = 0 ;
		:HYPSOMETRIC_OPT = 2 ;
		:USE_THETA_M = 1 ;
		:GWD_OPT = 0 ;
		:SF_URBAN_PHYSICS = 0 ;
		:SF_SURFACE_MOSAIC = 0 ;
		:SF_OCEAN_PHYSICS = 0 ;
		:WEST-EAST_PATCH_START_UNSTAG = 1 ;
		:WEST-EAST_PATCH_END_UNSTAG = 444 ;
		:WEST-EAST_PATCH_START_STAG = 1 ;
		:WEST-EAST_PATCH_END_STAG = 445 ;
		:SOUTH-NORTH_PATCH_START_UNSTAG = 1 ;
		:SOUTH-NORTH_PATCH_END_UNSTAG = 432 ;
		:SOUTH-NORTH_PATCH_START_STAG = 1 ;
		:SOUTH-NORTH_PATCH_END_STAG = 433 ;
		:BOTTOM-TOP_PATCH_START_UNSTAG = 1 ;
		:BOTTOM-TOP_PATCH_END_UNSTAG = 53 ;
		:BOTTOM-TOP_PATCH_START_STAG = 1 ;
		:BOTTOM-TOP_PATCH_END_STAG = 54 ;
		:GRID_ID = 1 ;
		:PARENT_ID = 0 ;
		:I_PARENT_START = 1 ;
		:J_PARENT_START = 1 ;
		:PARENT_GRID_RATIO = 1 ;
		:DT = 60.f ;
		:CEN_LAT = 49.22056f ;
		:CEN_LON = 9.486538f ;
		:TRUELAT1 = 1.e+20f ;
		:TRUELAT2 = 1.e+20f ;
		:MOAD_CEN_LAT = 49.22056f ;
		:STAND_LON = -18.f ;
		:POLE_LAT = 39.25f ;
		:POLE_LON = 18.f ;
		:GMT = 0.f ;
		:JULYR = 1984 ;
		:JULDAY = 306 ;
		:MAP_PROJ = 6 ;
		:MAP_PROJ_CHAR = "Cylindrical Equidistant" ;
		:MMINLU = "MODIFIED_IGBP_MODIS_NOAH" ;
		:NUM_LAND_CAT = 21 ;
		:ISWATER = 17 ;
		:ISLAKE = 21 ;
		:ISICE = 15 ;
		:ISURBAN = 13 ;
		:ISOILWATER = 14 ;
		:HYBRID_OPT = 2 ;
		:ETAC = 0.2f ;
}
