netcdf = wrfout_d01_1980-01-01_00_00_00 {
dimensions:
	Time = UNLIMITED ; // (1 currently)
	DateStrLen = 19 ;
	west_east = 444 ;
	south_north = 432 ;
	bottom_top = 53 ;
	bottom_top_stag = 54 ;
	west_east_stag = 445 ;
	south_north_stag = 433 ;
	soil_layers_stag = 4 ;
	seed_dim_stag = 2 ;
	snow_layers_stag = 3 ;
variables:
	char Times(Time, DateStrLen) ;
	float XLAT(Time, south_north, west_east) ;
		XLAT:FieldType = 104 ;
		XLAT:MemoryOrder = "XY " ;
		XLAT:description = "LATITUDE, SOUTH IS NEGATIVE" ;
		XLAT:units = "degree_north" ;
		XLAT:stagger = "" ;
		XLAT:coordinates = "XLONG XLAT" ;
	float XLONG(Time, south_north, west_east) ;
		XLONG:FieldType = 104 ;
		XLONG:MemoryOrder = "XY " ;
		XLONG:description = "LONGITUDE, WEST IS NEGATIVE" ;
		XLONG:units = "degree_east" ;
		XLONG:stagger = "" ;
		XLONG:coordinates = "XLONG XLAT" ;
	float LU_INDEX(Time, south_north, west_east) ;
		LU_INDEX:FieldType = 104 ;
		LU_INDEX:MemoryOrder = "XY " ;
		LU_INDEX:description = "LAND USE CATEGORY" ;
		LU_INDEX:units = "" ;
		LU_INDEX:stagger = "" ;
		LU_INDEX:coordinates = "XLONG XLAT XTIME" ;
	float ZNU(Time, bottom_top) ;
		ZNU:FieldType = 104 ;
		ZNU:MemoryOrder = "Z  " ;
		ZNU:description = "eta values on half (mass) levels" ;
		ZNU:units = "" ;
		ZNU:stagger = "" ;
	float ZNW(Time, bottom_top_stag) ;
		ZNW:FieldType = 104 ;
		ZNW:MemoryOrder = "Z  " ;
		ZNW:description = "eta values on full (w) levels" ;
		ZNW:units = "" ;
		ZNW:stagger = "Z" ;
	float VAR_SSO(Time, south_north, west_east) ;
		VAR_SSO:FieldType = 104 ;
		VAR_SSO:MemoryOrder = "XY " ;
		VAR_SSO:description = "variance of subgrid-scale orography" ;
		VAR_SSO:units = "m2" ;
		VAR_SSO:stagger = "" ;
		VAR_SSO:coordinates = "XLONG XLAT XTIME" ;
	float U(Time, bottom_top, south_north, west_east_stag) ;
		U:FieldType = 104 ;
		U:MemoryOrder = "XYZ" ;
		U:description = "x-wind component" ;
		U:units = "m s-1" ;
		U:stagger = "X" ;
		U:coordinates = "XLONG_U XLAT_U XTIME" ;
	float V(Time, bottom_top, south_north_stag, west_east) ;
		V:FieldType = 104 ;
		V:MemoryOrder = "XYZ" ;
		V:description = "y-wind component" ;
		V:units = "m s-1" ;
		V:stagger = "Y" ;
		V:coordinates = "XLONG_V XLAT_V XTIME" ;
	float W(Time, bottom_top_stag, south_north, west_east) ;
		W:FieldType = 104 ;
		W:MemoryOrder = "XYZ" ;
		W:description = "z-wind component" ;
		W:units = "m s-1" ;
		W:stagger = "Z" ;
		W:coordinates = "XLONG XLAT XTIME" ;
	float PH(Time, bottom_top_stag, south_north, west_east) ;
		PH:FieldType = 104 ;
		PH:MemoryOrder = "XYZ" ;
		PH:description = "perturbation geopotential" ;
		PH:units = "m2 s-2" ;
		PH:stagger = "Z" ;
		PH:coordinates = "XLONG XLAT XTIME" ;
	float PHB(Time, bottom_top_stag, south_north, west_east) ;
		PHB:FieldType = 104 ;
		PHB:MemoryOrder = "XYZ" ;
		PHB:description = "base-state geopotential" ;
		PHB:units = "m2 s-2" ;
		PHB:stagger = "Z" ;
		PHB:coordinates = "XLONG XLAT XTIME" ;
	float T(Time, bottom_top, south_north, west_east) ;
		T:FieldType = 104 ;
		T:MemoryOrder = "XYZ" ;
		T:description = "perturbation potential temperature theta-t0" ;
		T:units = "K" ;
		T:stagger = "" ;
		T:coordinates = "XLONG XLAT XTIME" ;
	float MU(Time, south_north, west_east) ;
		MU:FieldType = 104 ;
		MU:MemoryOrder = "XY " ;
		MU:description = "perturbation dry air mass in column" ;
		MU:units = "Pa" ;
		MU:stagger = "" ;
		MU:coordinates = "XLONG XLAT XTIME" ;
	float MUB(Time, south_north, west_east) ;
		MUB:FieldType = 104 ;
		MUB:MemoryOrder = "XY " ;
		MUB:description = "base state dry air mass in column" ;
		MUB:units = "Pa" ;
		MUB:stagger = "" ;
		MUB:coordinates = "XLONG XLAT XTIME" ;
	float NEST_POS(Time, south_north, west_east) ;
		NEST_POS:FieldType = 104 ;
		NEST_POS:MemoryOrder = "XY " ;
		NEST_POS:description = "-" ;
		NEST_POS:units = "-" ;
		NEST_POS:stagger = "" ;
		NEST_POS:coordinates = "XLONG XLAT XTIME" ;
	float P(Time, bottom_top, south_north, west_east) ;
		P:FieldType = 104 ;
		P:MemoryOrder = "XYZ" ;
		P:description = "perturbation pressure" ;
		P:units = "Pa" ;
		P:stagger = "" ;
		P:coordinates = "XLONG XLAT XTIME" ;
	float PB(Time, bottom_top, south_north, west_east) ;
		PB:FieldType = 104 ;
		PB:MemoryOrder = "XYZ" ;
		PB:description = "BASE STATE PRESSURE" ;
		PB:units = "Pa" ;
		PB:stagger = "" ;
		PB:coordinates = "XLONG XLAT XTIME" ;
	float FNM(Time, bottom_top) ;
		FNM:FieldType = 104 ;
		FNM:MemoryOrder = "Z  " ;
		FNM:description = "upper weight for vertical stretching" ;
		FNM:units = "" ;
		FNM:stagger = "" ;
	float FNP(Time, bottom_top) ;
		FNP:FieldType = 104 ;
		FNP:MemoryOrder = "Z  " ;
		FNP:description = "lower weight for vertical stretching" ;
		FNP:units = "" ;
		FNP:stagger = "" ;
	float RDNW(Time, bottom_top) ;
		RDNW:FieldType = 104 ;
		RDNW:MemoryOrder = "Z  " ;
		RDNW:description = "inverse d(eta) values between full (w) levels" ;
		RDNW:units = "" ;
		RDNW:stagger = "" ;
	float RDN(Time, bottom_top) ;
		RDN:FieldType = 104 ;
		RDN:MemoryOrder = "Z  " ;
		RDN:description = "inverse d(eta) values between half (mass) levels" ;
		RDN:units = "" ;
		RDN:stagger = "" ;
	float DNW(Time, bottom_top) ;
		DNW:FieldType = 104 ;
		DNW:MemoryOrder = "Z  " ;
		DNW:description = "d(eta) values between full (w) levels" ;
		DNW:units = "" ;
		DNW:stagger = "" ;
	float DN(Time, bottom_top) ;
		DN:FieldType = 104 ;
		DN:MemoryOrder = "Z  " ;
		DN:description = "d(eta) values between half (mass) levels" ;
		DN:units = "" ;
		DN:stagger = "" ;
	float CFN(Time) ;
		CFN:FieldType = 104 ;
		CFN:MemoryOrder = "0  " ;
		CFN:description = "extrapolation constant" ;
		CFN:units = "" ;
		CFN:stagger = "" ;
	float CFN1(Time) ;
		CFN1:FieldType = 104 ;
		CFN1:MemoryOrder = "0  " ;
		CFN1:description = "extrapolation constant" ;
		CFN1:units = "" ;
		CFN1:stagger = "" ;
	float Q2(Time, south_north, west_east) ;
		Q2:FieldType = 104 ;
		Q2:MemoryOrder = "XY " ;
		Q2:description = "QV at 2 M" ;
		Q2:units = "kg kg-1" ;
		Q2:stagger = "" ;
		Q2:coordinates = "XLONG XLAT XTIME" ;
	float T2(Time, south_north, west_east) ;
		T2:FieldType = 104 ;
		T2:MemoryOrder = "XY " ;
		T2:description = "TEMP at 2 M" ;
		T2:units = "K" ;
		T2:stagger = "" ;
		T2:coordinates = "XLONG XLAT XTIME" ;
	float TH2(Time, south_north, west_east) ;
		TH2:FieldType = 104 ;
		TH2:MemoryOrder = "XY " ;
		TH2:description = "POT TEMP at 2 M" ;
		TH2:units = "K" ;
		TH2:stagger = "" ;
		TH2:coordinates = "XLONG XLAT XTIME" ;
	float PSFC(Time, south_north, west_east) ;
		PSFC:FieldType = 104 ;
		PSFC:MemoryOrder = "XY " ;
		PSFC:description = "SFC PRESSURE" ;
		PSFC:units = "Pa" ;
		PSFC:stagger = "" ;
		PSFC:coordinates = "XLONG XLAT XTIME" ;
	float U10(Time, south_north, west_east) ;
		U10:FieldType = 104 ;
		U10:MemoryOrder = "XY " ;
		U10:description = "U at 10 M" ;
		U10:units = "m s-1" ;
		U10:stagger = "" ;
		U10:coordinates = "XLONG XLAT XTIME" ;
	float V10(Time, south_north, west_east) ;
		V10:FieldType = 104 ;
		V10:MemoryOrder = "XY " ;
		V10:description = "V at 10 M" ;
		V10:units = "m s-1" ;
		V10:stagger = "" ;
		V10:coordinates = "XLONG XLAT XTIME" ;
	float RDX(Time) ;
		RDX:FieldType = 104 ;
		RDX:MemoryOrder = "0  " ;
		RDX:description = "INVERSE X GRID LENGTH" ;
		RDX:units = "m-1" ;
		RDX:stagger = "" ;
	float RDY(Time) ;
		RDY:FieldType = 104 ;
		RDY:MemoryOrder = "0  " ;
		RDY:description = "INVERSE Y GRID LENGTH" ;
		RDY:units = "m-1" ;
		RDY:stagger = "" ;
	float RESM(Time) ;
		RESM:FieldType = 104 ;
		RESM:MemoryOrder = "0  " ;
		RESM:description = "TIME WEIGHT CONSTANT FOR SMALL STEPS" ;
		RESM:units = "" ;
		RESM:stagger = "" ;
	float ZETATOP(Time) ;
		ZETATOP:FieldType = 104 ;
		ZETATOP:MemoryOrder = "0  " ;
		ZETATOP:description = "ZETA AT MODEL TOP" ;
		ZETATOP:units = "" ;
		ZETATOP:stagger = "" ;
	float CF1(Time) ;
		CF1:FieldType = 104 ;
		CF1:MemoryOrder = "0  " ;
		CF1:description = "2nd order extrapolation constant" ;
		CF1:units = "" ;
		CF1:stagger = "" ;
	float CF2(Time) ;
		CF2:FieldType = 104 ;
		CF2:MemoryOrder = "0  " ;
		CF2:description = "2nd order extrapolation constant" ;
		CF2:units = "" ;
		CF2:stagger = "" ;
	float CF3(Time) ;
		CF3:FieldType = 104 ;
		CF3:MemoryOrder = "0  " ;
		CF3:description = "2nd order extrapolation constant" ;
		CF3:units = "" ;
		CF3:stagger = "" ;
	int ITIMESTEP(Time) ;
		ITIMESTEP:FieldType = 106 ;
		ITIMESTEP:MemoryOrder = "0  " ;
		ITIMESTEP:description = "" ;
		ITIMESTEP:units = "" ;
		ITIMESTEP:stagger = "" ;
	float XTIME(Time) ;
		XTIME:FieldType = 104 ;
		XTIME:MemoryOrder = "0  " ;
		XTIME:description = "minutes since 1978-07-01 00:00:00" ;
		XTIME:units = "minutes since 1978-07-01 00:00:00" ;
		XTIME:stagger = "" ;
	float QVAPOR(Time, bottom_top, south_north, west_east) ;
		QVAPOR:FieldType = 104 ;
		QVAPOR:MemoryOrder = "XYZ" ;
		QVAPOR:description = "Water vapor mixing ratio" ;
		QVAPOR:units = "kg kg-1" ;
		QVAPOR:stagger = "" ;
		QVAPOR:coordinates = "XLONG XLAT XTIME" ;
	float QCLOUD(Time, bottom_top, south_north, west_east) ;
		QCLOUD:FieldType = 104 ;
		QCLOUD:MemoryOrder = "XYZ" ;
		QCLOUD:description = "Cloud water mixing ratio" ;
		QCLOUD:units = "kg kg-1" ;
		QCLOUD:stagger = "" ;
		QCLOUD:coordinates = "XLONG XLAT XTIME" ;
	float QRAIN(Time, bottom_top, south_north, west_east) ;
		QRAIN:FieldType = 104 ;
		QRAIN:MemoryOrder = "XYZ" ;
		QRAIN:description = "Rain water mixing ratio" ;
		QRAIN:units = "kg kg-1" ;
		QRAIN:stagger = "" ;
		QRAIN:coordinates = "XLONG XLAT XTIME" ;
	float QICE(Time, bottom_top, south_north, west_east) ;
		QICE:FieldType = 104 ;
		QICE:MemoryOrder = "XYZ" ;
		QICE:description = "Ice mixing ratio" ;
		QICE:units = "kg kg-1" ;
		QICE:stagger = "" ;
		QICE:coordinates = "XLONG XLAT XTIME" ;
	float QSNOW(Time, bottom_top, south_north, west_east) ;
		QSNOW:FieldType = 104 ;
		QSNOW:MemoryOrder = "XYZ" ;
		QSNOW:description = "Snow mixing ratio" ;
		QSNOW:units = "kg kg-1" ;
		QSNOW:stagger = "" ;
		QSNOW:coordinates = "XLONG XLAT XTIME" ;
	float QGRAUP(Time, bottom_top, south_north, west_east) ;
		QGRAUP:FieldType = 104 ;
		QGRAUP:MemoryOrder = "XYZ" ;
		QGRAUP:description = "Graupel mixing ratio" ;
		QGRAUP:units = "kg kg-1" ;
		QGRAUP:stagger = "" ;
		QGRAUP:coordinates = "XLONG XLAT XTIME" ;
	float TSLB(Time, soil_layers_stag, south_north, west_east) ;
		TSLB:FieldType = 104 ;
		TSLB:MemoryOrder = "XYZ" ;
		TSLB:description = "SOIL TEMPERATURE" ;
		TSLB:units = "K" ;
		TSLB:stagger = "Z" ;
		TSLB:coordinates = "XLONG XLAT XTIME" ;
	float SMOIS(Time, soil_layers_stag, south_north, west_east) ;
		SMOIS:FieldType = 104 ;
		SMOIS:MemoryOrder = "XYZ" ;
		SMOIS:description = "SOIL MOISTURE" ;
		SMOIS:units = "m3 m-3" ;
		SMOIS:stagger = "Z" ;
		SMOIS:coordinates = "XLONG XLAT XTIME" ;
	float SH2O(Time, soil_layers_stag, south_north, west_east) ;
		SH2O:FieldType = 104 ;
		SH2O:MemoryOrder = "XYZ" ;
		SH2O:description = "SOIL LIQUID WATER" ;
		SH2O:units = "m3 m-3" ;
		SH2O:stagger = "Z" ;
		SH2O:coordinates = "XLONG XLAT XTIME" ;
	float SEAICE(Time, south_north, west_east) ;
		SEAICE:FieldType = 104 ;
		SEAICE:MemoryOrder = "XY " ;
		SEAICE:description = "SEA ICE FLAG" ;
		SEAICE:units = "" ;
		SEAICE:stagger = "" ;
		SEAICE:coordinates = "XLONG XLAT XTIME" ;
	float XICEM(Time, south_north, west_east) ;
		XICEM:FieldType = 104 ;
		XICEM:MemoryOrder = "XY " ;
		XICEM:description = "SEA ICE FLAG (PREVIOUS STEP)" ;
		XICEM:units = "" ;
		XICEM:stagger = "" ;
		XICEM:coordinates = "XLONG XLAT XTIME" ;
	float SFROFF(Time, south_north, west_east) ;
		SFROFF:FieldType = 104 ;
		SFROFF:MemoryOrder = "XY " ;
		SFROFF:description = "SURFACE RUNOFF" ;
		SFROFF:units = "mm" ;
		SFROFF:stagger = "" ;
		SFROFF:coordinates = "XLONG XLAT XTIME" ;
	float UDROFF(Time, south_north, west_east) ;
		UDROFF:FieldType = 104 ;
		UDROFF:MemoryOrder = "XY " ;
		UDROFF:description = "UNDERGROUND RUNOFF" ;
		UDROFF:units = "mm" ;
		UDROFF:stagger = "" ;
		UDROFF:coordinates = "XLONG XLAT XTIME" ;
	float SFCEVP(Time, south_north, west_east) ;
		SFCEVP:FieldType = 104 ;
		SFCEVP:MemoryOrder = "XY " ;
		SFCEVP:description = "ACCUMULATED SURFACE EVAPORATION" ;
		SFCEVP:units = "kg m-2" ;
		SFCEVP:stagger = "" ;
		SFCEVP:coordinates = "XLONG XLAT XTIME" ;
	float GRDFLX(Time, south_north, west_east) ;
		GRDFLX:FieldType = 104 ;
		GRDFLX:MemoryOrder = "XY " ;
		GRDFLX:description = "GROUND HEAT FLUX" ;
		GRDFLX:units = "W m-2" ;
		GRDFLX:stagger = "" ;
		GRDFLX:coordinates = "XLONG XLAT XTIME" ;
	float ACGRDFLX(Time, south_north, west_east) ;
		ACGRDFLX:FieldType = 104 ;
		ACGRDFLX:MemoryOrder = "XY " ;
		ACGRDFLX:description = "ACCUMULATED GROUND HEAT FLUX" ;
		ACGRDFLX:units = "J m-2" ;
		ACGRDFLX:stagger = "" ;
		ACGRDFLX:coordinates = "XLONG XLAT XTIME" ;
	float ACSNOM(Time, south_north, west_east) ;
		ACSNOM:FieldType = 104 ;
		ACSNOM:MemoryOrder = "XY " ;
		ACSNOM:description = "ACCUMULATED MELTED SNOW" ;
		ACSNOM:units = "kg m-2" ;
		ACSNOM:stagger = "" ;
		ACSNOM:coordinates = "XLONG XLAT XTIME" ;
	float SNOW(Time, south_north, west_east) ;
		SNOW:FieldType = 104 ;
		SNOW:MemoryOrder = "XY " ;
		SNOW:description = "SNOW WATER EQUIVALENT" ;
		SNOW:units = "kg m-2" ;
		SNOW:stagger = "" ;
		SNOW:coordinates = "XLONG XLAT XTIME" ;
	float SNOWH(Time, south_north, west_east) ;
		SNOWH:FieldType = 104 ;
		SNOWH:MemoryOrder = "XY " ;
		SNOWH:description = "PHYSICAL SNOW DEPTH" ;
		SNOWH:units = "m" ;
		SNOWH:stagger = "" ;
		SNOWH:coordinates = "XLONG XLAT XTIME" ;
	float SSTSK(Time, south_north, west_east) ;
		SSTSK:FieldType = 104 ;
		SSTSK:MemoryOrder = "XY " ;
		SSTSK:description = "SKIN SEA SURFACE TEMPERATURE" ;
		SSTSK:units = "K" ;
		SSTSK:stagger = "" ;
		SSTSK:coordinates = "XLONG XLAT XTIME" ;
	float COSZEN(Time, south_north, west_east) ;
		COSZEN:FieldType = 104 ;
		COSZEN:MemoryOrder = "XY " ;
		COSZEN:description = "COS of SOLAR ZENITH ANGLE" ;
		COSZEN:units = "dimensionless" ;
		COSZEN:stagger = "" ;
		COSZEN:coordinates = "XLONG XLAT XTIME" ;
	float QKE(Time, bottom_top, south_north, west_east) ;
		QKE:FieldType = 104 ;
		QKE:MemoryOrder = "XYZ" ;
		QKE:description = "twice TKE from MYNN" ;
		QKE:units = "m2 s-2" ;
		QKE:stagger = "" ;
		QKE:coordinates = "XLONG XLAT XTIME" ;
	float TKE_PBL(Time, bottom_top_stag, south_north, west_east) ;
		TKE_PBL:FieldType = 104 ;
		TKE_PBL:MemoryOrder = "XYZ" ;
		TKE_PBL:description = "TKE from PBL" ;
		TKE_PBL:units = "m2 s-2" ;
		TKE_PBL:stagger = "Z" ;
		TKE_PBL:coordinates = "XLONG XLAT XTIME" ;
	float EL_PBL(Time, bottom_top_stag, south_north, west_east) ;
		EL_PBL:FieldType = 104 ;
		EL_PBL:MemoryOrder = "XYZ" ;
		EL_PBL:description = "Length scale from PBL" ;
		EL_PBL:units = "m" ;
		EL_PBL:stagger = "Z" ;
		EL_PBL:coordinates = "XLONG XLAT XTIME" ;
	float O3_GFS_DU(Time, south_north, west_east) ;
		O3_GFS_DU:FieldType = 104 ;
		O3_GFS_DU:MemoryOrder = "XY " ;
		O3_GFS_DU:description = "Total ozone from GFS" ;
		O3_GFS_DU:units = "Dobson Units" ;
		O3_GFS_DU:stagger = "" ;
		O3_GFS_DU:coordinates = "XLONG XLAT XTIME" ;
	float MAPFAC_M(Time, south_north, west_east) ;
		MAPFAC_M:FieldType = 104 ;
		MAPFAC_M:MemoryOrder = "XY " ;
		MAPFAC_M:description = "Map scale factor on mass grid" ;
		MAPFAC_M:units = "" ;
		MAPFAC_M:stagger = "" ;
		MAPFAC_M:coordinates = "XLONG XLAT XTIME" ;
	float MAPFAC_U(Time, south_north, west_east_stag) ;
		MAPFAC_U:FieldType = 104 ;
		MAPFAC_U:MemoryOrder = "XY " ;
		MAPFAC_U:description = "Map scale factor on u-grid" ;
		MAPFAC_U:units = "" ;
		MAPFAC_U:stagger = "X" ;
		MAPFAC_U:coordinates = "XLONG_U XLAT_U XTIME" ;
	float MAPFAC_V(Time, south_north_stag, west_east) ;
		MAPFAC_V:FieldType = 104 ;
		MAPFAC_V:MemoryOrder = "XY " ;
		MAPFAC_V:description = "Map scale factor on v-grid" ;
		MAPFAC_V:units = "" ;
		MAPFAC_V:stagger = "Y" ;
		MAPFAC_V:coordinates = "XLONG_V XLAT_V XTIME" ;
	float MAPFAC_MX(Time, south_north, west_east) ;
		MAPFAC_MX:FieldType = 104 ;
		MAPFAC_MX:MemoryOrder = "XY " ;
		MAPFAC_MX:description = "Map scale factor on mass grid, x direction" ;
		MAPFAC_MX:units = "" ;
		MAPFAC_MX:stagger = "" ;
		MAPFAC_MX:coordinates = "XLONG XLAT XTIME" ;
	float MAPFAC_MY(Time, south_north, west_east) ;
		MAPFAC_MY:FieldType = 104 ;
		MAPFAC_MY:MemoryOrder = "XY " ;
		MAPFAC_MY:description = "Map scale factor on mass grid, y direction" ;
		MAPFAC_MY:units = "" ;
		MAPFAC_MY:stagger = "" ;
		MAPFAC_MY:coordinates = "XLONG XLAT XTIME" ;
	float MAPFAC_UX(Time, south_north, west_east_stag) ;
		MAPFAC_UX:FieldType = 104 ;
		MAPFAC_UX:MemoryOrder = "XY " ;
		MAPFAC_UX:description = "Map scale factor on u-grid, x direction" ;
		MAPFAC_UX:units = "" ;
		MAPFAC_UX:stagger = "X" ;
		MAPFAC_UX:coordinates = "XLONG_U XLAT_U XTIME" ;
	float MAPFAC_UY(Time, south_north, west_east_stag) ;
		MAPFAC_UY:FieldType = 104 ;
		MAPFAC_UY:MemoryOrder = "XY " ;
		MAPFAC_UY:description = "Map scale factor on u-grid, y direction" ;
		MAPFAC_UY:units = "" ;
		MAPFAC_UY:stagger = "X" ;
		MAPFAC_UY:coordinates = "XLONG_U XLAT_U XTIME" ;
	float MAPFAC_VX(Time, south_north_stag, west_east) ;
		MAPFAC_VX:FieldType = 104 ;
		MAPFAC_VX:MemoryOrder = "XY " ;
		MAPFAC_VX:description = "Map scale factor on v-grid, x direction" ;
		MAPFAC_VX:units = "" ;
		MAPFAC_VX:stagger = "Y" ;
		MAPFAC_VX:coordinates = "XLONG_V XLAT_V XTIME" ;
	float MAPFAC_VY(Time, south_north_stag, west_east) ;
		MAPFAC_VY:FieldType = 104 ;
		MAPFAC_VY:MemoryOrder = "XY " ;
		MAPFAC_VY:description = "Map scale factor on v-grid, y direction" ;
		MAPFAC_VY:units = "" ;
		MAPFAC_VY:stagger = "Y" ;
		MAPFAC_VY:coordinates = "XLONG_V XLAT_V XTIME" ;
	float F(Time, south_north, west_east) ;
		F:FieldType = 104 ;
		F:MemoryOrder = "XY " ;
		F:description = "Coriolis sine latitude term" ;
		F:units = "s-1" ;
		F:stagger = "" ;
		F:coordinates = "XLONG XLAT XTIME" ;
	float E(Time, south_north, west_east) ;
		E:FieldType = 104 ;
		E:MemoryOrder = "XY " ;
		E:description = "Coriolis cosine latitude term" ;
		E:units = "s-1" ;
		E:stagger = "" ;
		E:coordinates = "XLONG XLAT XTIME" ;
	float SINALPHA(Time, south_north, west_east) ;
		SINALPHA:FieldType = 104 ;
		SINALPHA:MemoryOrder = "XY " ;
		SINALPHA:description = "Local sine of map rotation" ;
		SINALPHA:units = "" ;
		SINALPHA:stagger = "" ;
		SINALPHA:coordinates = "XLONG XLAT XTIME" ;
	float COSALPHA(Time, south_north, west_east) ;
		COSALPHA:FieldType = 104 ;
		COSALPHA:MemoryOrder = "XY " ;
		COSALPHA:description = "Local cosine of map rotation" ;
		COSALPHA:units = "" ;
		COSALPHA:stagger = "" ;
		COSALPHA:coordinates = "XLONG XLAT XTIME" ;
	float HGT(Time, south_north, west_east) ;
		HGT:FieldType = 104 ;
		HGT:MemoryOrder = "XY " ;
		HGT:description = "Terrain Height" ;
		HGT:units = "m" ;
		HGT:stagger = "" ;
		HGT:coordinates = "XLONG XLAT XTIME" ;
	float TSK(Time, south_north, west_east) ;
		TSK:FieldType = 104 ;
		TSK:MemoryOrder = "XY " ;
		TSK:description = "SURFACE SKIN TEMPERATURE" ;
		TSK:units = "K" ;
		TSK:stagger = "" ;
		TSK:coordinates = "XLONG XLAT XTIME" ;
	float P_TOP(Time) ;
		P_TOP:FieldType = 104 ;
		P_TOP:MemoryOrder = "0  " ;
		P_TOP:description = "PRESSURE TOP OF THE MODEL" ;
		P_TOP:units = "Pa" ;
		P_TOP:stagger = "" ;
	float T00(Time) ;
		T00:FieldType = 104 ;
		T00:MemoryOrder = "0  " ;
		T00:description = "BASE STATE TEMPERATURE" ;
		T00:units = "K" ;
		T00:stagger = "" ;
	float P00(Time) ;
		P00:FieldType = 104 ;
		P00:MemoryOrder = "0  " ;
		P00:description = "BASE STATE PRESSURE" ;
		P00:units = "Pa" ;
		P00:stagger = "" ;
	float TLP(Time) ;
		TLP:FieldType = 104 ;
		TLP:MemoryOrder = "0  " ;
		TLP:description = "BASE STATE LAPSE RATE" ;
		TLP:units = "" ;
		TLP:stagger = "" ;
	float TISO(Time) ;
		TISO:FieldType = 104 ;
		TISO:MemoryOrder = "0  " ;
		TISO:description = "TEMP AT WHICH THE BASE T TURNS CONST" ;
		TISO:units = "K" ;
		TISO:stagger = "" ;
	float TLP_STRAT(Time) ;
		TLP_STRAT:FieldType = 104 ;
		TLP_STRAT:MemoryOrder = "0  " ;
		TLP_STRAT:description = "BASE STATE LAPSE RATE (DT/D(LN(P)) IN STRATOSPHERE" ;
		TLP_STRAT:units = "K" ;
		TLP_STRAT:stagger = "" ;
	float P_STRAT(Time) ;
		P_STRAT:FieldType = 104 ;
		P_STRAT:MemoryOrder = "0  " ;
		P_STRAT:description = "BASE STATE PRESSURE AT BOTTOM OF STRATOSPHERE" ;
		P_STRAT:units = "Pa" ;
		P_STRAT:stagger = "" ;
	float MAX_MSFTX(Time) ;
		MAX_MSFTX:FieldType = 104 ;
		MAX_MSFTX:MemoryOrder = "0  " ;
		MAX_MSFTX:description = "Max map factor in domain" ;
		MAX_MSFTX:units = "" ;
		MAX_MSFTX:stagger = "" ;
	float MAX_MSFTY(Time) ;
		MAX_MSFTY:FieldType = 104 ;
		MAX_MSFTY:MemoryOrder = "0  " ;
		MAX_MSFTY:description = "Max map factor in domain" ;
		MAX_MSFTY:units = "" ;
		MAX_MSFTY:stagger = "" ;
	float RAINC(Time, south_north, west_east) ;
		RAINC:FieldType = 104 ;
		RAINC:MemoryOrder = "XY " ;
		RAINC:description = "ACCUMULATED TOTAL CUMULUS PRECIPITATION" ;
		RAINC:units = "mm" ;
		RAINC:stagger = "" ;
		RAINC:coordinates = "XLONG XLAT XTIME" ;
	float RAINSH(Time, south_north, west_east) ;
		RAINSH:FieldType = 104 ;
		RAINSH:MemoryOrder = "XY " ;
		RAINSH:description = "ACCUMULATED SHALLOW CUMULUS PRECIPITATION" ;
		RAINSH:units = "mm" ;
		RAINSH:stagger = "" ;
		RAINSH:coordinates = "XLONG XLAT XTIME" ;
	float RAINNC(Time, south_north, west_east) ;
		RAINNC:FieldType = 104 ;
		RAINNC:MemoryOrder = "XY " ;
		RAINNC:description = "ACCUMULATED TOTAL GRID SCALE PRECIPITATION" ;
		RAINNC:units = "mm" ;
		RAINNC:stagger = "" ;
		RAINNC:coordinates = "XLONG XLAT XTIME" ;
	int I_RAINC(Time, south_north, west_east) ;
		I_RAINC:FieldType = 106 ;
		I_RAINC:MemoryOrder = "XY " ;
		I_RAINC:description = "BUCKET FOR RAINC" ;
		I_RAINC:units = "" ;
		I_RAINC:stagger = "" ;
		I_RAINC:coordinates = "XLONG XLAT XTIME" ;
	int I_RAINNC(Time, south_north, west_east) ;
		I_RAINNC:FieldType = 106 ;
		I_RAINNC:MemoryOrder = "XY " ;
		I_RAINNC:description = "BUCKET FOR RAINNC" ;
		I_RAINNC:units = "" ;
		I_RAINNC:stagger = "" ;
		I_RAINNC:coordinates = "XLONG XLAT XTIME" ;
	float SNOWNC(Time, south_north, west_east) ;
		SNOWNC:FieldType = 104 ;
		SNOWNC:MemoryOrder = "XY " ;
		SNOWNC:description = "ACCUMULATED TOTAL GRID SCALE SNOW AND ICE" ;
		SNOWNC:units = "mm" ;
		SNOWNC:stagger = "" ;
		SNOWNC:coordinates = "XLONG XLAT XTIME" ;
	float GRAUPELNC(Time, south_north, west_east) ;
		GRAUPELNC:FieldType = 104 ;
		GRAUPELNC:MemoryOrder = "XY " ;
		GRAUPELNC:description = "ACCUMULATED TOTAL GRID SCALE GRAUPEL" ;
		GRAUPELNC:units = "mm" ;
		GRAUPELNC:stagger = "" ;
		GRAUPELNC:coordinates = "XLONG XLAT XTIME" ;
	float HAILNC(Time, south_north, west_east) ;
		HAILNC:FieldType = 104 ;
		HAILNC:MemoryOrder = "XY " ;
		HAILNC:description = "ACCUMULATED TOTAL GRID SCALE HAIL" ;
		HAILNC:units = "mm" ;
		HAILNC:stagger = "" ;
		HAILNC:coordinates = "XLONG XLAT XTIME" ;
	float CLDFRA(Time, bottom_top, south_north, west_east) ;
		CLDFRA:FieldType = 104 ;
		CLDFRA:MemoryOrder = "XYZ" ;
		CLDFRA:description = "CLOUD FRACTION" ;
		CLDFRA:units = "" ;
		CLDFRA:stagger = "" ;
		CLDFRA:coordinates = "XLONG XLAT XTIME" ;
	float SWDOWN(Time, south_north, west_east) ;
		SWDOWN:FieldType = 104 ;
		SWDOWN:MemoryOrder = "XY " ;
		SWDOWN:description = "DOWNWARD SHORT WAVE FLUX AT GROUND SURFACE" ;
		SWDOWN:units = "W m-2" ;
		SWDOWN:stagger = "" ;
		SWDOWN:coordinates = "XLONG XLAT XTIME" ;
	float GLW(Time, south_north, west_east) ;
		GLW:FieldType = 104 ;
		GLW:MemoryOrder = "XY " ;
		GLW:description = "DOWNWARD LONG WAVE FLUX AT GROUND SURFACE" ;
		GLW:units = "W m-2" ;
		GLW:stagger = "" ;
		GLW:coordinates = "XLONG XLAT XTIME" ;
	float SWNORM(Time, south_north, west_east) ;
		SWNORM:FieldType = 104 ;
		SWNORM:MemoryOrder = "XY " ;
		SWNORM:description = "NORMAL SHORT WAVE FLUX AT GROUND SURFACE (SLOPE-DEPENDENT)" ;
		SWNORM:units = "W m-2" ;
		SWNORM:stagger = "" ;
		SWNORM:coordinates = "XLONG XLAT XTIME" ;
	float ACSWUPT(Time, south_north, west_east) ;
		ACSWUPT:FieldType = 104 ;
		ACSWUPT:MemoryOrder = "XY " ;
		ACSWUPT:description = "ACCUMULATED UPWELLING SHORTWAVE FLUX AT TOP" ;
		ACSWUPT:units = "J m-2" ;
		ACSWUPT:stagger = "" ;
		ACSWUPT:coordinates = "XLONG XLAT XTIME" ;
	float ACSWDNT(Time, south_north, west_east) ;
		ACSWDNT:FieldType = 104 ;
		ACSWDNT:MemoryOrder = "XY " ;
		ACSWDNT:description = "ACCUMULATED DOWNWELLING SHORTWAVE FLUX AT TOP" ;
		ACSWDNT:units = "J m-2" ;
		ACSWDNT:stagger = "" ;
		ACSWDNT:coordinates = "XLONG XLAT XTIME" ;
	float ACSWUPB(Time, south_north, west_east) ;
		ACSWUPB:FieldType = 104 ;
		ACSWUPB:MemoryOrder = "XY " ;
		ACSWUPB:description = "ACCUMULATED UPWELLING SHORTWAVE FLUX AT BOTTOM" ;
		ACSWUPB:units = "J m-2" ;
		ACSWUPB:stagger = "" ;
		ACSWUPB:coordinates = "XLONG XLAT XTIME" ;
	float ACSWDNB(Time, south_north, west_east) ;
		ACSWDNB:FieldType = 104 ;
		ACSWDNB:MemoryOrder = "XY " ;
		ACSWDNB:description = "ACCUMULATED DOWNWELLING SHORTWAVE FLUX AT BOTTOM" ;
		ACSWDNB:units = "J m-2" ;
		ACSWDNB:stagger = "" ;
		ACSWDNB:coordinates = "XLONG XLAT XTIME" ;
	float ACSWDNBC(Time, south_north, west_east) ;
		ACSWDNBC:FieldType = 104 ;
		ACSWDNBC:MemoryOrder = "XY " ;
		ACSWDNBC:description = "ACCUMULATED DOWNWELLING CLEAR SKY SHORTWAVE FLUX AT BOTTOM" ;
		ACSWDNBC:units = "J m-2" ;
		ACSWDNBC:stagger = "" ;
		ACSWDNBC:coordinates = "XLONG XLAT XTIME" ;
	float ACLWUPT(Time, south_north, west_east) ;
		ACLWUPT:FieldType = 104 ;
		ACLWUPT:MemoryOrder = "XY " ;
		ACLWUPT:description = "ACCUMULATED UPWELLING LONGWAVE FLUX AT TOP" ;
		ACLWUPT:units = "J m-2" ;
		ACLWUPT:stagger = "" ;
		ACLWUPT:coordinates = "XLONG XLAT XTIME" ;
	float ACLWDNT(Time, south_north, west_east) ;
		ACLWDNT:FieldType = 104 ;
		ACLWDNT:MemoryOrder = "XY " ;
		ACLWDNT:description = "ACCUMULATED DOWNWELLING LONGWAVE FLUX AT TOP" ;
		ACLWDNT:units = "J m-2" ;
		ACLWDNT:stagger = "" ;
		ACLWDNT:coordinates = "XLONG XLAT XTIME" ;
	float ACLWUPB(Time, south_north, west_east) ;
		ACLWUPB:FieldType = 104 ;
		ACLWUPB:MemoryOrder = "XY " ;
		ACLWUPB:description = "ACCUMULATED UPWELLING LONGWAVE FLUX AT BOTTOM" ;
		ACLWUPB:units = "J m-2" ;
		ACLWUPB:stagger = "" ;
		ACLWUPB:coordinates = "XLONG XLAT XTIME" ;
	float ACLWDNB(Time, south_north, west_east) ;
		ACLWDNB:FieldType = 104 ;
		ACLWDNB:MemoryOrder = "XY " ;
		ACLWDNB:description = "ACCUMULATED DOWNWELLING LONGWAVE FLUX AT BOTTOM" ;
		ACLWDNB:units = "J m-2" ;
		ACLWDNB:stagger = "" ;
		ACLWDNB:coordinates = "XLONG XLAT XTIME" ;
	int I_ACSWUPT(Time, south_north, west_east) ;
		I_ACSWUPT:FieldType = 106 ;
		I_ACSWUPT:MemoryOrder = "XY " ;
		I_ACSWUPT:description = "BUCKET FOR UPWELLING SHORTWAVE FLUX AT TOP" ;
		I_ACSWUPT:units = "J m-2" ;
		I_ACSWUPT:stagger = "" ;
		I_ACSWUPT:coordinates = "XLONG XLAT XTIME" ;
	int I_ACSWDNT(Time, south_north, west_east) ;
		I_ACSWDNT:FieldType = 106 ;
		I_ACSWDNT:MemoryOrder = "XY " ;
		I_ACSWDNT:description = "BUCKET FOR DOWNWELLING SHORTWAVE FLUX AT TOP" ;
		I_ACSWDNT:units = "J m-2" ;
		I_ACSWDNT:stagger = "" ;
		I_ACSWDNT:coordinates = "XLONG XLAT XTIME" ;
	int I_ACSWUPB(Time, south_north, west_east) ;
		I_ACSWUPB:FieldType = 106 ;
		I_ACSWUPB:MemoryOrder = "XY " ;
		I_ACSWUPB:description = "BUCKET FOR UPWELLING SHORTWAVE FLUX AT BOTTOM" ;
		I_ACSWUPB:units = "J m-2" ;
		I_ACSWUPB:stagger = "" ;
		I_ACSWUPB:coordinates = "XLONG XLAT XTIME" ;
	int I_ACSWDNB(Time, south_north, west_east) ;
		I_ACSWDNB:FieldType = 106 ;
		I_ACSWDNB:MemoryOrder = "XY " ;
		I_ACSWDNB:description = "BUCKET FOR DOWNWELLING SHORTWAVE FLUX AT BOTTOM" ;
		I_ACSWDNB:units = "J m-2" ;
		I_ACSWDNB:stagger = "" ;
		I_ACSWDNB:coordinates = "XLONG XLAT XTIME" ;
	int I_ACSWDNBC(Time, south_north, west_east) ;
		I_ACSWDNBC:FieldType = 106 ;
		I_ACSWDNBC:MemoryOrder = "XY " ;
		I_ACSWDNBC:description = "BUCKET FOR DOWNWELLING CLEAR SKY SHORTWAVE FLUX AT BOTTOM" ;
		I_ACSWDNBC:units = "J m-2" ;
		I_ACSWDNBC:stagger = "" ;
		I_ACSWDNBC:coordinates = "XLONG XLAT XTIME" ;
	int I_ACLWUPT(Time, south_north, west_east) ;
		I_ACLWUPT:FieldType = 106 ;
		I_ACLWUPT:MemoryOrder = "XY " ;
		I_ACLWUPT:description = "BUCKET FOR UPWELLING LONGWAVE FLUX AT TOP" ;
		I_ACLWUPT:units = "J m-2" ;
		I_ACLWUPT:stagger = "" ;
		I_ACLWUPT:coordinates = "XLONG XLAT XTIME" ;
	int I_ACLWDNT(Time, south_north, west_east) ;
		I_ACLWDNT:FieldType = 106 ;
		I_ACLWDNT:MemoryOrder = "XY " ;
		I_ACLWDNT:description = "BUCKET FOR DOWNWELLING LONGWAVE FLUX AT TOP" ;
		I_ACLWDNT:units = "J m-2" ;
		I_ACLWDNT:stagger = "" ;
		I_ACLWDNT:coordinates = "XLONG XLAT XTIME" ;
	int I_ACLWUPB(Time, south_north, west_east) ;
		I_ACLWUPB:FieldType = 106 ;
		I_ACLWUPB:MemoryOrder = "XY " ;
		I_ACLWUPB:description = "BUCKET FOR UPWELLING LONGWAVE FLUX AT BOTTOM" ;
		I_ACLWUPB:units = "J m-2" ;
		I_ACLWUPB:stagger = "" ;
		I_ACLWUPB:coordinates = "XLONG XLAT XTIME" ;
	int I_ACLWDNB(Time, south_north, west_east) ;
		I_ACLWDNB:FieldType = 106 ;
		I_ACLWDNB:MemoryOrder = "XY " ;
		I_ACLWDNB:description = "BUCKET FOR DOWNWELLING LONGWAVE FLUX AT BOTTOM" ;
		I_ACLWDNB:units = "J m-2" ;
		I_ACLWDNB:stagger = "" ;
		I_ACLWDNB:coordinates = "XLONG XLAT XTIME" ;
	float SWUPT(Time, south_north, west_east) ;
		SWUPT:FieldType = 104 ;
		SWUPT:MemoryOrder = "XY " ;
		SWUPT:description = "INSTANTANEOUS UPWELLING SHORTWAVE FLUX AT TOP" ;
		SWUPT:units = "W m-2" ;
		SWUPT:stagger = "" ;
		SWUPT:coordinates = "XLONG XLAT XTIME" ;
	float SWDNT(Time, south_north, west_east) ;
		SWDNT:FieldType = 104 ;
		SWDNT:MemoryOrder = "XY " ;
		SWDNT:description = "INSTANTANEOUS DOWNWELLING SHORTWAVE FLUX AT TOP" ;
		SWDNT:units = "W m-2" ;
		SWDNT:stagger = "" ;
		SWDNT:coordinates = "XLONG XLAT XTIME" ;
	float SWUPB(Time, south_north, west_east) ;
		SWUPB:FieldType = 104 ;
		SWUPB:MemoryOrder = "XY " ;
		SWUPB:description = "INSTANTANEOUS UPWELLING SHORTWAVE FLUX AT BOTTOM" ;
		SWUPB:units = "W m-2" ;
		SWUPB:stagger = "" ;
		SWUPB:coordinates = "XLONG XLAT XTIME" ;
	float SWDNB(Time, south_north, west_east) ;
		SWDNB:FieldType = 104 ;
		SWDNB:MemoryOrder = "XY " ;
		SWDNB:description = "INSTANTANEOUS DOWNWELLING SHORTWAVE FLUX AT BOTTOM" ;
		SWDNB:units = "W m-2" ;
		SWDNB:stagger = "" ;
		SWDNB:coordinates = "XLONG XLAT XTIME" ;
	float LWUPT(Time, south_north, west_east) ;
		LWUPT:FieldType = 104 ;
		LWUPT:MemoryOrder = "XY " ;
		LWUPT:description = "INSTANTANEOUS UPWELLING LONGWAVE FLUX AT TOP" ;
		LWUPT:units = "W m-2" ;
		LWUPT:stagger = "" ;
		LWUPT:coordinates = "XLONG XLAT XTIME" ;
	float LWDNT(Time, south_north, west_east) ;
		LWDNT:FieldType = 104 ;
		LWDNT:MemoryOrder = "XY " ;
		LWDNT:description = "INSTANTANEOUS DOWNWELLING LONGWAVE FLUX AT TOP" ;
		LWDNT:units = "W m-2" ;
		LWDNT:stagger = "" ;
		LWDNT:coordinates = "XLONG XLAT XTIME" ;
	float LWUPB(Time, south_north, west_east) ;
		LWUPB:FieldType = 104 ;
		LWUPB:MemoryOrder = "XY " ;
		LWUPB:description = "INSTANTANEOUS UPWELLING LONGWAVE FLUX AT BOTTOM" ;
		LWUPB:units = "W m-2" ;
		LWUPB:stagger = "" ;
		LWUPB:coordinates = "XLONG XLAT XTIME" ;
	float LWDNB(Time, south_north, west_east) ;
		LWDNB:FieldType = 104 ;
		LWDNB:MemoryOrder = "XY " ;
		LWDNB:description = "INSTANTANEOUS DOWNWELLING LONGWAVE FLUX AT BOTTOM" ;
		LWDNB:units = "W m-2" ;
		LWDNB:stagger = "" ;
		LWDNB:coordinates = "XLONG XLAT XTIME" ;
	float OLR(Time, south_north, west_east) ;
		OLR:FieldType = 104 ;
		OLR:MemoryOrder = "XY " ;
		OLR:description = "TOA OUTGOING LONG WAVE" ;
		OLR:units = "W m-2" ;
		OLR:stagger = "" ;
		OLR:coordinates = "XLONG XLAT XTIME" ;
	float XLAT_U(Time, south_north, west_east_stag) ;
		XLAT_U:FieldType = 104 ;
		XLAT_U:MemoryOrder = "XY " ;
		XLAT_U:description = "LATITUDE, SOUTH IS NEGATIVE" ;
		XLAT_U:units = "degree_north" ;
		XLAT_U:stagger = "X" ;
		XLAT_U:coordinates = "XLONG_U XLAT_U" ;
	float XLONG_U(Time, south_north, west_east_stag) ;
		XLONG_U:FieldType = 104 ;
		XLONG_U:MemoryOrder = "XY " ;
		XLONG_U:description = "LONGITUDE, WEST IS NEGATIVE" ;
		XLONG_U:units = "degree_east" ;
		XLONG_U:stagger = "X" ;
		XLONG_U:coordinates = "XLONG_U XLAT_U" ;
	float XLAT_V(Time, south_north_stag, west_east) ;
		XLAT_V:FieldType = 104 ;
		XLAT_V:MemoryOrder = "XY " ;
		XLAT_V:description = "LATITUDE, SOUTH IS NEGATIVE" ;
		XLAT_V:units = "degree_north" ;
		XLAT_V:stagger = "Y" ;
		XLAT_V:coordinates = "XLONG_V XLAT_V" ;
	float XLONG_V(Time, south_north_stag, west_east) ;
		XLONG_V:FieldType = 104 ;
		XLONG_V:MemoryOrder = "XY " ;
		XLONG_V:description = "LONGITUDE, WEST IS NEGATIVE" ;
		XLONG_V:units = "degree_east" ;
		XLONG_V:stagger = "Y" ;
		XLONG_V:coordinates = "XLONG_V XLAT_V" ;
	float ALBEDO(Time, south_north, west_east) ;
		ALBEDO:FieldType = 104 ;
		ALBEDO:MemoryOrder = "XY " ;
		ALBEDO:description = "ALBEDO" ;
		ALBEDO:units = "-" ;
		ALBEDO:stagger = "" ;
		ALBEDO:coordinates = "XLONG XLAT XTIME" ;
	float CLAT(Time, south_north, west_east) ;
		CLAT:FieldType = 104 ;
		CLAT:MemoryOrder = "XY " ;
		CLAT:description = "COMPUTATIONAL GRID LATITUDE, SOUTH IS NEGATIVE" ;
		CLAT:units = "degree_north" ;
		CLAT:stagger = "" ;
		CLAT:coordinates = "XLONG XLAT XTIME" ;
	float ALBBCK(Time, south_north, west_east) ;
		ALBBCK:FieldType = 104 ;
		ALBBCK:MemoryOrder = "XY " ;
		ALBBCK:description = "BACKGROUND ALBEDO" ;
		ALBBCK:units = "" ;
		ALBBCK:stagger = "" ;
		ALBBCK:coordinates = "XLONG XLAT XTIME" ;
	float EMISS(Time, south_north, west_east) ;
		EMISS:FieldType = 104 ;
		EMISS:MemoryOrder = "XY " ;
		EMISS:description = "SURFACE EMISSIVITY" ;
		EMISS:units = "" ;
		EMISS:stagger = "" ;
		EMISS:coordinates = "XLONG XLAT XTIME" ;
	float TMN(Time, south_north, west_east) ;
		TMN:FieldType = 104 ;
		TMN:MemoryOrder = "XY " ;
		TMN:description = "SOIL TEMPERATURE AT LOWER BOUNDARY" ;
		TMN:units = "K" ;
		TMN:stagger = "" ;
		TMN:coordinates = "XLONG XLAT XTIME" ;
	float XLAND(Time, south_north, west_east) ;
		XLAND:FieldType = 104 ;
		XLAND:MemoryOrder = "XY " ;
		XLAND:description = "LAND MASK (1 FOR LAND, 2 FOR WATER)" ;
		XLAND:units = "" ;
		XLAND:stagger = "" ;
		XLAND:coordinates = "XLONG XLAT XTIME" ;
	float UST(Time, south_north, west_east) ;
		UST:FieldType = 104 ;
		UST:MemoryOrder = "XY " ;
		UST:description = "U* IN SIMILARITY THEORY" ;
		UST:units = "m s-1" ;
		UST:stagger = "" ;
		UST:coordinates = "XLONG XLAT XTIME" ;
	float PBLH(Time, south_north, west_east) ;
		PBLH:FieldType = 104 ;
		PBLH:MemoryOrder = "XY " ;
		PBLH:description = "PBL HEIGHT" ;
		PBLH:units = "m" ;
		PBLH:stagger = "" ;
		PBLH:coordinates = "XLONG XLAT XTIME" ;
	float HFX(Time, south_north, west_east) ;
		HFX:FieldType = 104 ;
		HFX:MemoryOrder = "XY " ;
		HFX:description = "UPWARD HEAT FLUX AT THE SURFACE" ;
		HFX:units = "W m-2" ;
		HFX:stagger = "" ;
		HFX:coordinates = "XLONG XLAT XTIME" ;
	float QFX(Time, south_north, west_east) ;
		QFX:FieldType = 104 ;
		QFX:MemoryOrder = "XY " ;
		QFX:description = "UPWARD MOISTURE FLUX AT THE SURFACE" ;
		QFX:units = "kg m-2 s-1" ;
		QFX:stagger = "" ;
		QFX:coordinates = "XLONG XLAT XTIME" ;
	float LH(Time, south_north, west_east) ;
		LH:FieldType = 104 ;
		LH:MemoryOrder = "XY " ;
		LH:description = "LATENT HEAT FLUX AT THE SURFACE" ;
		LH:units = "W m-2" ;
		LH:stagger = "" ;
		LH:coordinates = "XLONG XLAT XTIME" ;
	float SNOWC(Time, south_north, west_east) ;
		SNOWC:FieldType = 104 ;
		SNOWC:MemoryOrder = "XY " ;
		SNOWC:description = "FLAG INDICATING SNOW COVERAGE (1 FOR SNOW COVER)" ;
		SNOWC:units = "" ;
		SNOWC:stagger = "" ;
		SNOWC:coordinates = "XLONG XLAT XTIME" ;
	float SR(Time, south_north, west_east) ;
		SR:FieldType = 104 ;
		SR:MemoryOrder = "XY " ;
		SR:description = "fraction of frozen precipitation" ;
		SR:units = "-" ;
		SR:stagger = "" ;
		SR:coordinates = "XLONG XLAT XTIME" ;
	int SAVE_TOPO_FROM_REAL(Time) ;
		SAVE_TOPO_FROM_REAL:FieldType = 106 ;
		SAVE_TOPO_FROM_REAL:MemoryOrder = "0  " ;
		SAVE_TOPO_FROM_REAL:description = "1=original topo from real/0=topo modified by WRF" ;
		SAVE_TOPO_FROM_REAL:units = "flag" ;
		SAVE_TOPO_FROM_REAL:stagger = "" ;
	int ISEEDARR_SPPT(Time, seed_dim_stag) ;
		ISEEDARR_SPPT:FieldType = 106 ;
		ISEEDARR_SPPT:MemoryOrder = "Z  " ;
		ISEEDARR_SPPT:description = "Array to hold seed for restart, SPPT" ;
		ISEEDARR_SPPT:units = "" ;
		ISEEDARR_SPPT:stagger = "Z" ;
	int ISEEDARR_SKEBS(Time, seed_dim_stag) ;
		ISEEDARR_SKEBS:FieldType = 106 ;
		ISEEDARR_SKEBS:MemoryOrder = "Z  " ;
		ISEEDARR_SKEBS:description = "Array to hold seed for restart, SKEBS" ;
		ISEEDARR_SKEBS:units = "" ;
		ISEEDARR_SKEBS:stagger = "Z" ;
	int ISEEDARR_RAND_PERTURB(Time, seed_dim_stag) ;
		ISEEDARR_RAND_PERTURB:FieldType = 106 ;
		ISEEDARR_RAND_PERTURB:MemoryOrder = "Z  " ;
		ISEEDARR_RAND_PERTURB:description = "Array to hold seed for restart, RAND_PERT" ;
		ISEEDARR_RAND_PERTURB:units = "" ;
		ISEEDARR_RAND_PERTURB:stagger = "Z" ;
	int ISEEDARRAY_SPP_CONV(Time, seed_dim_stag) ;
		ISEEDARRAY_SPP_CONV:FieldType = 106 ;
		ISEEDARRAY_SPP_CONV:MemoryOrder = "Z  " ;
		ISEEDARRAY_SPP_CONV:description = "Array to hold seed for restart, RAND_PERT2" ;
		ISEEDARRAY_SPP_CONV:units = "" ;
		ISEEDARRAY_SPP_CONV:stagger = "Z" ;
	int ISEEDARRAY_SPP_PBL(Time, seed_dim_stag) ;
		ISEEDARRAY_SPP_PBL:FieldType = 106 ;
		ISEEDARRAY_SPP_PBL:MemoryOrder = "Z  " ;
		ISEEDARRAY_SPP_PBL:description = "Array to hold seed for restart, RAND_PERT3" ;
		ISEEDARRAY_SPP_PBL:units = "" ;
		ISEEDARRAY_SPP_PBL:stagger = "Z" ;
	int ISEEDARRAY_SPP_LSM(Time, seed_dim_stag) ;
		ISEEDARRAY_SPP_LSM:FieldType = 106 ;
		ISEEDARRAY_SPP_LSM:MemoryOrder = "Z  " ;
		ISEEDARRAY_SPP_LSM:description = "Array to hold seed for restart, RAND_PERT4" ;
		ISEEDARRAY_SPP_LSM:units = "" ;
		ISEEDARRAY_SPP_LSM:stagger = "Z" ;
	int ISNOW(Time, south_north, west_east) ;
		ISNOW:FieldType = 106 ;
		ISNOW:MemoryOrder = "XY " ;
		ISNOW:description = "no. of snow layer" ;
		ISNOW:units = "m3 m-3" ;
		ISNOW:stagger = "" ;
		ISNOW:coordinates = "XLONG XLAT XTIME" ;
	float CH(Time, south_north, west_east) ;
		CH:FieldType = 104 ;
		CH:MemoryOrder = "XY " ;
		CH:description = "surf. exchange coeff. for heat" ;
		CH:units = "m/s" ;
		CH:stagger = "" ;
		CH:coordinates = "XLONG XLAT XTIME" ;
	float ZWT(Time, south_north, west_east) ;
		ZWT:FieldType = 104 ;
		ZWT:MemoryOrder = "XY " ;
		ZWT:description = "water table depth" ;
		ZWT:units = "m" ;
		ZWT:stagger = "" ;
		ZWT:coordinates = "XLONG XLAT XTIME" ;
	float WA(Time, south_north, west_east) ;
		WA:FieldType = 104 ;
		WA:MemoryOrder = "XY " ;
		WA:description = "water in the acquifer" ;
		WA:units = "mm" ;
		WA:stagger = "" ;
		WA:coordinates = "XLONG XLAT XTIME" ;
	float WT(Time, south_north, west_east) ;
		WT:FieldType = 104 ;
		WT:MemoryOrder = "XY " ;
		WT:description = "groundwater storage" ;
		WT:units = "mm" ;
		WT:stagger = "" ;
		WT:coordinates = "XLONG XLAT XTIME" ;
	float SNICE(Time, snow_layers_stag, south_north, west_east) ;
		SNICE:FieldType = 104 ;
		SNICE:MemoryOrder = "XYZ" ;
		SNICE:description = "snow layer ice" ;
		SNICE:units = "mm" ;
		SNICE:stagger = "Z" ;
		SNICE:coordinates = "XLONG XLAT XTIME" ;
	float SNLIQ(Time, snow_layers_stag, south_north, west_east) ;
		SNLIQ:FieldType = 104 ;
		SNLIQ:MemoryOrder = "XYZ" ;
		SNLIQ:description = "snow layer liquid" ;
		SNLIQ:units = "mm" ;
		SNLIQ:stagger = "Z" ;
		SNLIQ:coordinates = "XLONG XLAT XTIME" ;
	float FVEG(Time, south_north, west_east) ;
		FVEG:FieldType = 104 ;
		FVEG:MemoryOrder = "XY " ;
		FVEG:description = "Noah-MP vegetation fraction" ;
		FVEG:units = "" ;
		FVEG:stagger = "" ;
		FVEG:coordinates = "XLONG XLAT XTIME" ;
	float RUNSF(Time, south_north, west_east) ;
		RUNSF:FieldType = 104 ;
		RUNSF:MemoryOrder = "XY " ;
		RUNSF:description = "surface runoff" ;
		RUNSF:units = "mm/s" ;
		RUNSF:stagger = "" ;
		RUNSF:coordinates = "XLONG XLAT XTIME" ;
	float RUNSB(Time, south_north, west_east) ;
		RUNSB:FieldType = 104 ;
		RUNSB:MemoryOrder = "XY " ;
		RUNSB:description = "subsurface runoff" ;
		RUNSB:units = "mm/s" ;
		RUNSB:stagger = "" ;
		RUNSB:coordinates = "XLONG XLAT XTIME" ;
	float ECAN(Time, south_north, west_east) ;
		ECAN:FieldType = 104 ;
		ECAN:MemoryOrder = "XY " ;
		ECAN:description = "evaporation of intercepted water" ;
		ECAN:units = "mm/s" ;
		ECAN:stagger = "" ;
		ECAN:coordinates = "XLONG XLAT XTIME" ;
	float EDIR(Time, south_north, west_east) ;
		EDIR:FieldType = 104 ;
		EDIR:MemoryOrder = "XY " ;
		EDIR:description = "ground surface evaporation rate" ;
		EDIR:units = "mm/s" ;
		EDIR:stagger = "" ;
		EDIR:coordinates = "XLONG XLAT XTIME" ;
	float ETRAN(Time, south_north, west_east) ;
		ETRAN:FieldType = 104 ;
		ETRAN:MemoryOrder = "XY " ;
		ETRAN:description = "transpiration rate" ;
		ETRAN:units = "mm/s" ;
		ETRAN:stagger = "" ;
		ETRAN:coordinates = "XLONG XLAT XTIME" ;
	float FSA(Time, south_north, west_east) ;
		FSA:FieldType = 104 ;
		FSA:MemoryOrder = "XY " ;
		FSA:description = "total absorbed solar radiation" ;
		FSA:units = "W/m2" ;
		FSA:stagger = "" ;
		FSA:coordinates = "XLONG XLAT XTIME" ;
	float FIRA(Time, south_north, west_east) ;
		FIRA:FieldType = 104 ;
		FIRA:MemoryOrder = "XY " ;
		FIRA:description = "total net longwave rad" ;
		FIRA:units = "W/m2" ;
		FIRA:stagger = "" ;
		FIRA:coordinates = "XLONG XLAT XTIME" ;
	float APAR(Time, south_north, west_east) ;
		APAR:FieldType = 104 ;
		APAR:MemoryOrder = "XY " ;
		APAR:description = "photosyn active energy by canopy" ;
		APAR:units = "W/m2" ;
		APAR:stagger = "" ;
		APAR:coordinates = "XLONG XLAT XTIME" ;
	float TR(Time, south_north, west_east) ;
		TR:FieldType = 104 ;
		TR:MemoryOrder = "XY " ;
		TR:description = "transpiration" ;
		TR:units = "W/m2" ;
		TR:stagger = "" ;
		TR:coordinates = "XLONG XLAT XTIME" ;
	float EVC(Time, south_north, west_east) ;
		EVC:FieldType = 104 ;
		EVC:MemoryOrder = "XY " ;
		EVC:description = "canopy evaporation" ;
		EVC:units = "W/m2" ;
		EVC:stagger = "" ;
		EVC:coordinates = "XLONG XLAT XTIME" ;
	float SMCWTD(Time, south_north, west_east) ;
		SMCWTD:FieldType = 104 ;
		SMCWTD:MemoryOrder = "XY " ;
		SMCWTD:description = "deep soil moisture" ;
		SMCWTD:units = "m3 m-3" ;
		SMCWTD:stagger = "" ;
		SMCWTD:coordinates = "XLONG XLAT XTIME" ;
	float RECH(Time, south_north, west_east) ;
		RECH:FieldType = 104 ;
		RECH:MemoryOrder = "XY " ;
		RECH:description = "water table recharge" ;
		RECH:units = "mm" ;
		RECH:stagger = "" ;
		RECH:coordinates = "XLONG XLAT XTIME" ;
	float ACINTS(Time, south_north, west_east) ;
		ACINTS:FieldType = 104 ;
		ACINTS:MemoryOrder = "XY " ;
		ACINTS:description = "Accumulated canopy snow interception" ;
		ACINTS:units = "mm" ;
		ACINTS:stagger = "" ;
		ACINTS:coordinates = "XLONG XLAT XTIME" ;
	float ACINTR(Time, south_north, west_east) ;
		ACINTR:FieldType = 104 ;
		ACINTR:MemoryOrder = "XY " ;
		ACINTR:description = "Accumulated canopy rain interception" ;
		ACINTR:units = "mm" ;
		ACINTR:stagger = "" ;
		ACINTR:coordinates = "XLONG XLAT XTIME" ;
	float ACDRIPR(Time, south_north, west_east) ;
		ACDRIPR:FieldType = 104 ;
		ACDRIPR:MemoryOrder = "XY " ;
		ACDRIPR:description = "Accumulated canopy rain drip" ;
		ACDRIPR:units = "mm" ;
		ACDRIPR:stagger = "" ;
		ACDRIPR:coordinates = "XLONG XLAT XTIME" ;
	float ACTHROR(Time, south_north, west_east) ;
		ACTHROR:FieldType = 104 ;
		ACTHROR:MemoryOrder = "XY " ;
		ACTHROR:description = "Accumulated rain throughfall" ;
		ACTHROR:units = "mm" ;
		ACTHROR:stagger = "" ;
		ACTHROR:coordinates = "XLONG XLAT XTIME" ;
	float ACEVAC(Time, south_north, west_east) ;
		ACEVAC:FieldType = 104 ;
		ACEVAC:MemoryOrder = "XY " ;
		ACEVAC:description = "Accumulated canopy evaporation" ;
		ACEVAC:units = "mm" ;
		ACEVAC:stagger = "" ;
		ACEVAC:coordinates = "XLONG XLAT XTIME" ;
	float ACDEWC(Time, south_north, west_east) ;
		ACDEWC:FieldType = 104 ;
		ACDEWC:MemoryOrder = "XY " ;
		ACDEWC:description = "Accumulated canopy dew" ;
		ACDEWC:units = "mm" ;
		ACDEWC:stagger = "" ;
		ACDEWC:coordinates = "XLONG XLAT XTIME" ;
	float FORCTLSM(Time, south_north, west_east) ;
		FORCTLSM:FieldType = 104 ;
		FORCTLSM:MemoryOrder = "XY " ;
		FORCTLSM:description = "lowest model T into LSM" ;
		FORCTLSM:units = "K" ;
		FORCTLSM:stagger = "" ;
		FORCTLSM:coordinates = "XLONG XLAT XTIME" ;
	float FORCQLSM(Time, south_north, west_east) ;
		FORCQLSM:FieldType = 104 ;
		FORCQLSM:MemoryOrder = "XY " ;
		FORCQLSM:description = "lowest model Q into LSM" ;
		FORCQLSM:units = "kg/kg" ;
		FORCQLSM:stagger = "" ;
		FORCQLSM:coordinates = "XLONG XLAT XTIME" ;
	float FORCPLSM(Time, south_north, west_east) ;
		FORCPLSM:FieldType = 104 ;
		FORCPLSM:MemoryOrder = "XY " ;
		FORCPLSM:description = "lowest model P into LSM" ;
		FORCPLSM:units = "Pa" ;
		FORCPLSM:stagger = "" ;
		FORCPLSM:coordinates = "XLONG XLAT XTIME" ;
	float FORCZLSM(Time, south_north, west_east) ;
		FORCZLSM:FieldType = 104 ;
		FORCZLSM:MemoryOrder = "XY " ;
		FORCZLSM:description = "lowest model Z into LSM" ;
		FORCZLSM:units = "m" ;
		FORCZLSM:stagger = "" ;
		FORCZLSM:coordinates = "XLONG XLAT XTIME" ;
	float FORCWLSM(Time, south_north, west_east) ;
		FORCWLSM:FieldType = 104 ;
		FORCWLSM:MemoryOrder = "XY " ;
		FORCWLSM:description = "lowest model wind speed into LSM" ;
		FORCWLSM:units = "m/s" ;
		FORCWLSM:stagger = "" ;
		FORCWLSM:coordinates = "XLONG XLAT XTIME" ;
	float ACRAINLSM(Time, south_north, west_east) ;
		ACRAINLSM:FieldType = 104 ;
		ACRAINLSM:MemoryOrder = "XY " ;
		ACRAINLSM:description = "Accumulated liquid precipitation into LSM" ;
		ACRAINLSM:units = "mm" ;
		ACRAINLSM:stagger = "" ;
		ACRAINLSM:coordinates = "XLONG XLAT XTIME" ;
	float ACRUNSB(Time, south_north, west_east) ;
		ACRUNSB:FieldType = 104 ;
		ACRUNSB:MemoryOrder = "XY " ;
		ACRUNSB:description = "Accumulated subsurface runoff" ;
		ACRUNSB:units = "mm" ;
		ACRUNSB:stagger = "" ;
		ACRUNSB:coordinates = "XLONG XLAT XTIME" ;
	float ACRUNSF(Time, south_north, west_east) ;
		ACRUNSF:FieldType = 104 ;
		ACRUNSF:MemoryOrder = "XY " ;
		ACRUNSF:description = "Accumulated surface runoff" ;
		ACRUNSF:units = "mm" ;
		ACRUNSF:stagger = "" ;
		ACRUNSF:coordinates = "XLONG XLAT XTIME" ;
	float ACECAN(Time, south_north, west_east) ;
		ACECAN:FieldType = 104 ;
		ACECAN:MemoryOrder = "XY " ;
		ACECAN:description = "Accumulated evaporation of intercepted water" ;
		ACECAN:units = "mm" ;
		ACECAN:stagger = "" ;
		ACECAN:coordinates = "XLONG XLAT XTIME" ;
	float ACETRAN(Time, south_north, west_east) ;
		ACETRAN:FieldType = 104 ;
		ACETRAN:MemoryOrder = "XY " ;
		ACETRAN:description = "Accumulated transpiration" ;
		ACETRAN:units = "mm" ;
		ACETRAN:stagger = "" ;
		ACETRAN:coordinates = "XLONG XLAT XTIME" ;
	float ACEDIR(Time, south_north, west_east) ;
		ACEDIR:FieldType = 104 ;
		ACEDIR:MemoryOrder = "XY " ;
		ACEDIR:description = "Accumulated ground surface evaporation" ;
		ACEDIR:units = "mm" ;
		ACEDIR:stagger = "" ;
		ACEDIR:coordinates = "XLONG XLAT XTIME" ;
	float ACQLAT(Time, south_north, west_east) ;
		ACQLAT:FieldType = 104 ;
		ACQLAT:MemoryOrder = "XY " ;
		ACQLAT:description = "accumulated lateral flow" ;
		ACQLAT:units = "mm" ;
		ACQLAT:stagger = "" ;
		ACQLAT:coordinates = "XLONG XLAT XTIME" ;
	float ACQRF(Time, south_north, west_east) ;
		ACQRF:FieldType = 104 ;
		ACQRF:MemoryOrder = "XY " ;
		ACQRF:description = "accumulated baseflow" ;
		ACQRF:units = "mm" ;
		ACQRF:stagger = "" ;
		ACQRF:coordinates = "XLONG XLAT XTIME" ;
	float ACETLSM(Time, south_north, west_east) ;
		ACETLSM:FieldType = 104 ;
		ACETLSM:MemoryOrder = "XY " ;
		ACETLSM:description = "Accumulated evaporation" ;
		ACETLSM:units = "mm" ;
		ACETLSM:stagger = "" ;
		ACETLSM:coordinates = "XLONG XLAT XTIME" ;
	float ACSUBC(Time, south_north, west_east) ;
		ACSUBC:FieldType = 104 ;
		ACSUBC:MemoryOrder = "XY " ;
		ACSUBC:description = "Accumulated canopy sublimation" ;
		ACSUBC:units = "mm" ;
		ACSUBC:stagger = "" ;
		ACSUBC:coordinates = "XLONG XLAT XTIME" ;
	float ACFROC(Time, south_north, west_east) ;
		ACFROC:FieldType = 104 ;
		ACFROC:MemoryOrder = "XY " ;
		ACFROC:description = "Accumulated canopy frost" ;
		ACFROC:units = "mm" ;
		ACFROC:stagger = "" ;
		ACFROC:coordinates = "XLONG XLAT XTIME" ;
	float ACFRZC(Time, south_north, west_east) ;
		ACFRZC:FieldType = 104 ;
		ACFRZC:MemoryOrder = "XY " ;
		ACFRZC:description = "Accumulated canopy liquid freeze" ;
		ACFRZC:units = "mm" ;
		ACFRZC:stagger = "" ;
		ACFRZC:coordinates = "XLONG XLAT XTIME" ;
	float ACMELTC(Time, south_north, west_east) ;
		ACMELTC:FieldType = 104 ;
		ACMELTC:MemoryOrder = "XY " ;
		ACMELTC:description = "Accumulated canopy snow melt" ;
		ACMELTC:units = "mm" ;
		ACMELTC:stagger = "" ;
		ACMELTC:coordinates = "XLONG XLAT XTIME" ;
	float ACSNBOT(Time, south_north, west_east) ;
		ACSNBOT:FieldType = 104 ;
		ACSNBOT:MemoryOrder = "XY " ;
		ACSNBOT:description = "Accumulated total liquid water (melt + rain through pack) out of snowpack bottom" ;
		ACSNBOT:units = "mm" ;
		ACSNBOT:stagger = "" ;
		ACSNBOT:coordinates = "XLONG XLAT XTIME" ;
	float ACSNMELT(Time, south_north, west_east) ;
		ACSNMELT:FieldType = 104 ;
		ACSNMELT:MemoryOrder = "XY " ;
		ACSNMELT:description = "Accumulated snowmelt due to phase change" ;
		ACSNMELT:units = "mm" ;
		ACSNMELT:stagger = "" ;
		ACSNMELT:coordinates = "XLONG XLAT XTIME" ;
	float ACPONDING(Time, south_north, west_east) ;
		ACPONDING:FieldType = 104 ;
		ACPONDING:MemoryOrder = "XY " ;
		ACPONDING:description = "Accumulated surface ponding from complete pack melt" ;
		ACPONDING:units = "mm" ;
		ACPONDING:stagger = "" ;
		ACPONDING:coordinates = "XLONG XLAT XTIME" ;
	float ACSNSUB(Time, south_north, west_east) ;
		ACSNSUB:FieldType = 104 ;
		ACSNSUB:MemoryOrder = "XY " ;
		ACSNSUB:description = "Accumulated snow pack sublimation" ;
		ACSNSUB:units = "mm" ;
		ACSNSUB:stagger = "" ;
		ACSNSUB:coordinates = "XLONG XLAT XTIME" ;
	float ACSNFRO(Time, south_north, west_east) ;
		ACSNFRO:FieldType = 104 ;
		ACSNFRO:MemoryOrder = "XY " ;
		ACSNFRO:description = "Accumulated snow pack frost" ;
		ACSNFRO:units = "mm" ;
		ACSNFRO:stagger = "" ;
		ACSNFRO:coordinates = "XLONG XLAT XTIME" ;
	float ACDRIPS(Time, south_north, west_east) ;
		ACDRIPS:FieldType = 104 ;
		ACDRIPS:MemoryOrder = "XY " ;
		ACDRIPS:description = "Accumulated canopy snow drip" ;
		ACDRIPS:units = "mm" ;
		ACDRIPS:stagger = "" ;
		ACDRIPS:coordinates = "XLONG XLAT XTIME" ;
	float ACTHROS(Time, south_north, west_east) ;
		ACTHROS:FieldType = 104 ;
		ACTHROS:MemoryOrder = "XY " ;
		ACTHROS:description = "Accumulated snow throughfall" ;
		ACTHROS:units = "mm" ;
		ACTHROS:stagger = "" ;
		ACTHROS:coordinates = "XLONG XLAT XTIME" ;
	float ACSAGB(Time, south_north, west_east) ;
		ACSAGB:FieldType = 104 ;
		ACSAGB:MemoryOrder = "XY " ;
		ACSAGB:description = "Accumulated solar radiation absorbed at bare fraction" ;
		ACSAGB:units = "kJ/m2" ;
		ACSAGB:stagger = "" ;
		ACSAGB:coordinates = "XLONG XLAT XTIME" ;
	float ACIRB(Time, south_north, west_east) ;
		ACIRB:FieldType = 104 ;
		ACIRB:MemoryOrder = "XY " ;
		ACIRB:description = "Accumulated net longwave at bare fraction" ;
		ACIRB:units = "kJ/m2" ;
		ACIRB:stagger = "" ;
		ACIRB:coordinates = "XLONG XLAT XTIME" ;
	float ACSHB(Time, south_north, west_east) ;
		ACSHB:FieldType = 104 ;
		ACSHB:MemoryOrder = "XY " ;
		ACSHB:description = "Accumulated sensible heat flux at bare fraction" ;
		ACSHB:units = "kJ/m2" ;
		ACSHB:stagger = "" ;
		ACSHB:coordinates = "XLONG XLAT XTIME" ;
	float ACEVB(Time, south_north, west_east) ;
		ACEVB:FieldType = 104 ;
		ACEVB:MemoryOrder = "XY " ;
		ACEVB:description = "Accumulated latent heat flux at bare fraction" ;
		ACEVB:units = "kJ/m2" ;
		ACEVB:stagger = "" ;
		ACEVB:coordinates = "XLONG XLAT XTIME" ;
	float ACGHB(Time, south_north, west_east) ;
		ACGHB:FieldType = 104 ;
		ACGHB:MemoryOrder = "XY " ;
		ACGHB:description = "Accumulated heat flux into soil at bare fraction" ;
		ACGHB:units = "kJ/m2" ;
		ACGHB:stagger = "" ;
		ACGHB:coordinates = "XLONG XLAT XTIME" ;
	float ACPAHB(Time, south_north, west_east) ;
		ACPAHB:FieldType = 104 ;
		ACPAHB:MemoryOrder = "XY " ;
		ACPAHB:description = "Accumulated precipitation advected energy to bare ground" ;
		ACPAHB:units = "kJ/m2" ;
		ACPAHB:stagger = "" ;
		ACPAHB:coordinates = "XLONG XLAT XTIME" ;
	float ACSAGV(Time, south_north, west_east) ;
		ACSAGV:FieldType = 104 ;
		ACSAGV:MemoryOrder = "XY " ;
		ACSAGV:description = "Accumulated solar radiation absorbed at vegetated fraction" ;
		ACSAGV:units = "kJ/m2" ;
		ACSAGV:stagger = "" ;
		ACSAGV:coordinates = "XLONG XLAT XTIME" ;
	float ACIRG(Time, south_north, west_east) ;
		ACIRG:FieldType = 104 ;
		ACIRG:MemoryOrder = "XY " ;
		ACIRG:description = "Accumulated net longwave below canopy surface" ;
		ACIRG:units = "kJ/m2" ;
		ACIRG:stagger = "" ;
		ACIRG:coordinates = "XLONG XLAT XTIME" ;
	float ACSHG(Time, south_north, west_east) ;
		ACSHG:FieldType = 104 ;
		ACSHG:MemoryOrder = "XY " ;
		ACSHG:description = "Accumulated sensible heat flux: ground to canopy" ;
		ACSHG:units = "kJ/m2" ;
		ACSHG:stagger = "" ;
		ACSHG:coordinates = "XLONG XLAT XTIME" ;
	float ACEVG(Time, south_north, west_east) ;
		ACEVG:FieldType = 104 ;
		ACEVG:MemoryOrder = "XY " ;
		ACEVG:description = "Accumulated latent heat flux: ground to canopy" ;
		ACEVG:units = "kJ/m2" ;
		ACEVG:stagger = "" ;
		ACEVG:coordinates = "XLONG XLAT XTIME" ;
	float ACGHV(Time, south_north, west_east) ;
		ACGHV:FieldType = 104 ;
		ACGHV:MemoryOrder = "XY " ;
		ACGHV:description = "Accumulated heat flux into soil under canopy" ;
		ACGHV:units = "kJ/m2" ;
		ACGHV:stagger = "" ;
		ACGHV:coordinates = "XLONG XLAT XTIME" ;
	float ACPAHG(Time, south_north, west_east) ;
		ACPAHG:FieldType = 104 ;
		ACPAHG:MemoryOrder = "XY " ;
		ACPAHG:description = "Accumulated precipitation advected energy to below canopy" ;
		ACPAHG:units = "kJ/m2" ;
		ACPAHG:stagger = "" ;
		ACPAHG:coordinates = "XLONG XLAT XTIME" ;
	float ACSAV(Time, south_north, west_east) ;
		ACSAV:FieldType = 104 ;
		ACSAV:MemoryOrder = "XY " ;
		ACSAV:description = "Accumulated solar rad absorbed by vegetated fraction" ;
		ACSAV:units = "kJ/m2" ;
		ACSAV:stagger = "" ;
		ACSAV:coordinates = "XLONG XLAT XTIME" ;
	float ACIRC(Time, south_north, west_east) ;
		ACIRC:FieldType = 104 ;
		ACIRC:MemoryOrder = "XY " ;
		ACIRC:description = "Accumulated net longwave in canopy" ;
		ACIRC:units = "kJ/m2" ;
		ACIRC:stagger = "" ;
		ACIRC:coordinates = "XLONG XLAT XTIME" ;
	float ACSHC(Time, south_north, west_east) ;
		ACSHC:FieldType = 104 ;
		ACSHC:MemoryOrder = "XY " ;
		ACSHC:description = "Accumulated sensible heat flux: canopy to atmosphere" ;
		ACSHC:units = "kJ/m2" ;
		ACSHC:stagger = "" ;
		ACSHC:coordinates = "XLONG XLAT XTIME" ;
	float ACEVC(Time, south_north, west_east) ;
		ACEVC:FieldType = 104 ;
		ACEVC:MemoryOrder = "XY " ;
		ACEVC:description = "Accumulated canopy evaporation" ;
		ACEVC:units = "kJ/m2" ;
		ACEVC:stagger = "" ;
		ACEVC:coordinates = "XLONG XLAT XTIME" ;
	float ACTR(Time, south_north, west_east) ;
		ACTR:FieldType = 104 ;
		ACTR:MemoryOrder = "XY " ;
		ACTR:description = "Accumulated transpiration" ;
		ACTR:units = "kJ/m2" ;
		ACTR:stagger = "" ;
		ACTR:coordinates = "XLONG XLAT XTIME" ;
	float ACPAHV(Time, south_north, west_east) ;
		ACPAHV:FieldType = 104 ;
		ACPAHV:MemoryOrder = "XY " ;
		ACPAHV:description = "Accumulated precipitation advected energy to vegetation" ;
		ACPAHV:units = "kJ/m2" ;
		ACPAHV:stagger = "" ;
		ACPAHV:coordinates = "XLONG XLAT XTIME" ;
	float ACSWDNLSM(Time, south_north, west_east) ;
		ACSWDNLSM:FieldType = 104 ;
		ACSWDNLSM:MemoryOrder = "XY " ;
		ACSWDNLSM:description = "Accumulated shortwave down at LSM" ;
		ACSWDNLSM:units = "kJ/m2" ;
		ACSWDNLSM:stagger = "" ;
		ACSWDNLSM:coordinates = "XLONG XLAT XTIME" ;
	float ACSWUPLSM(Time, south_north, west_east) ;
		ACSWUPLSM:FieldType = 104 ;
		ACSWUPLSM:MemoryOrder = "XY " ;
		ACSWUPLSM:description = "Accumulated shortwave up at LSM" ;
		ACSWUPLSM:units = "kJ/m2" ;
		ACSWUPLSM:stagger = "" ;
		ACSWUPLSM:coordinates = "XLONG XLAT XTIME" ;
	float ACLWDNLSM(Time, south_north, west_east) ;
		ACLWDNLSM:FieldType = 104 ;
		ACLWDNLSM:MemoryOrder = "XY " ;
		ACLWDNLSM:description = "Accumulated longwave down at LSM" ;
		ACLWDNLSM:units = "kJ/m2" ;
		ACLWDNLSM:stagger = "" ;
		ACLWDNLSM:coordinates = "XLONG XLAT XTIME" ;
	float ACLWUPLSM(Time, south_north, west_east) ;
		ACLWUPLSM:FieldType = 104 ;
		ACLWUPLSM:MemoryOrder = "XY " ;
		ACLWUPLSM:description = "Accumulated longwave up at LSM" ;
		ACLWUPLSM:units = "kJ/m2" ;
		ACLWUPLSM:stagger = "" ;
		ACLWUPLSM:coordinates = "XLONG XLAT XTIME" ;
	float ACSHFLSM(Time, south_north, west_east) ;
		ACSHFLSM:FieldType = 104 ;
		ACSHFLSM:MemoryOrder = "XY " ;
		ACSHFLSM:description = "accumulated total sensible heat flux" ;
		ACSHFLSM:units = "kJ/m2" ;
		ACSHFLSM:stagger = "" ;
		ACSHFLSM:coordinates = "XLONG XLAT XTIME" ;
	float ACLHFLSM(Time, south_north, west_east) ;
		ACLHFLSM:FieldType = 104 ;
		ACLHFLSM:MemoryOrder = "XY " ;
		ACLHFLSM:description = "accumulated total latent heat flux" ;
		ACLHFLSM:units = "kJ/m2" ;
		ACLHFLSM:stagger = "" ;
		ACLHFLSM:coordinates = "XLONG XLAT XTIME" ;
	float ACGHFLSM(Time, south_north, west_east) ;
		ACGHFLSM:FieldType = 104 ;
		ACGHFLSM:MemoryOrder = "XY " ;
		ACGHFLSM:description = "accumulated total ground heat flux" ;
		ACGHFLSM:units = "kJ/m2" ;
		ACGHFLSM:stagger = "" ;
		ACGHFLSM:coordinates = "XLONG XLAT XTIME" ;
	float ACPAHLSM(Time, south_north, west_east) ;
		ACPAHLSM:FieldType = 104 ;
		ACPAHLSM:MemoryOrder = "XY " ;
		ACPAHLSM:description = "accumulated total precip heat flux" ;
		ACPAHLSM:units = "kJ/m2" ;
		ACPAHLSM:stagger = "" ;
		ACPAHLSM:coordinates = "XLONG XLAT XTIME" ;
	float ACCANHS(Time, south_north, west_east) ;
		ACCANHS:FieldType = 104 ;
		ACCANHS:MemoryOrder = "XY " ;
		ACCANHS:description = "accumulated canopy storage change" ;
		ACCANHS:units = "KJ/m2" ;
		ACCANHS:stagger = "" ;
		ACCANHS:coordinates = "XLONG XLAT XTIME" ;
	float ACEFLXB(Time, south_north, west_east) ;
		ACEFLXB:FieldType = 104 ;
		ACEFLXB:MemoryOrder = "XY " ;
		ACEFLXB:description = "accumulated bottom soil heat flux" ;
		ACEFLXB:units = "kJ/m2" ;
		ACEFLXB:stagger = "" ;
		ACEFLXB:coordinates = "XLONG XLAT XTIME" ;
	int CROPCAT(Time, south_north, west_east) ;
		CROPCAT:FieldType = 106 ;
		CROPCAT:MemoryOrder = "XY " ;
		CROPCAT:description = "dominant crop category" ;
		CROPCAT:units = "category" ;
		CROPCAT:stagger = "" ;
		CROPCAT:coordinates = "XLONG XLAT XTIME" ;
	int PGS(Time, south_north, west_east) ;
		PGS:FieldType = 106 ;
		PGS:MemoryOrder = "XY " ;
		PGS:description = "pgs" ;
		PGS:units = "" ;
		PGS:stagger = "" ;
		PGS:coordinates = "XLONG XLAT XTIME" ;
	float QTDRAIN(Time, south_north, west_east) ;
		QTDRAIN:FieldType = 104 ;
		QTDRAIN:MemoryOrder = "XY " ;
		QTDRAIN:description = "Accumulated tile drainage flux" ;
		QTDRAIN:units = "mm" ;
		QTDRAIN:stagger = "" ;
		QTDRAIN:coordinates = "XLONG XLAT XTIME" ;
	float C1H(Time, bottom_top) ;
		C1H:FieldType = 104 ;
		C1H:MemoryOrder = "Z  " ;
		C1H:description = "half levels, c1h = d bf / d eta, using znw" ;
		C1H:units = "Dimensionless" ;
		C1H:stagger = "" ;
	float C2H(Time, bottom_top) ;
		C2H:FieldType = 104 ;
		C2H:MemoryOrder = "Z  " ;
		C2H:description = "half levels, c2h = (1-c1h)*(p0-pt)" ;
		C2H:units = "Pa" ;
		C2H:stagger = "" ;
	float C1F(Time, bottom_top_stag) ;
		C1F:FieldType = 104 ;
		C1F:MemoryOrder = "Z  " ;
		C1F:description = "full levels, c1f = d bf / d eta, using znu" ;
		C1F:units = "Dimensionless" ;
		C1F:stagger = "Z" ;
	float C2F(Time, bottom_top_stag) ;
		C2F:FieldType = 104 ;
		C2F:MemoryOrder = "Z  " ;
		C2F:description = "full levels, c2f = (1-c1f)*(p0-pt)" ;
		C2F:units = "Pa" ;
		C2F:stagger = "Z" ;
	float C3H(Time, bottom_top) ;
		C3H:FieldType = 104 ;
		C3H:MemoryOrder = "Z  " ;
		C3H:description = "half levels, c3h = bh" ;
		C3H:units = "Dimensionless" ;
		C3H:stagger = "" ;
	float C4H(Time, bottom_top) ;
		C4H:FieldType = 104 ;
		C4H:MemoryOrder = "Z  " ;
		C4H:description = "half levels, c4h = (eta-bh)*(p0-pt), using znu" ;
		C4H:units = "Pa" ;
		C4H:stagger = "" ;
	float C3F(Time, bottom_top_stag) ;
		C3F:FieldType = 104 ;
		C3F:MemoryOrder = "Z  " ;
		C3F:description = "full levels, c3f = bf" ;
		C3F:units = "Dimensionless" ;
		C3F:stagger = "Z" ;
	float C4F(Time, bottom_top_stag) ;
		C4F:FieldType = 104 ;
		C4F:MemoryOrder = "Z  " ;
		C4F:description = "full levels, c4f = (eta-bf)*(p0-pt), using znw" ;
		C4F:units = "Pa" ;
		C4F:stagger = "Z" ;
	float PCB(Time, south_north, west_east) ;
		PCB:FieldType = 104 ;
		PCB:MemoryOrder = "XY " ;
		PCB:description = "base state dry air mass in column" ;
		PCB:units = "Pa" ;
		PCB:stagger = "" ;
		PCB:coordinates = "XLONG XLAT XTIME" ;
	float PC(Time, south_north, west_east) ;
		PC:FieldType = 104 ;
		PC:MemoryOrder = "XY " ;
		PC:description = "perturbation dry air mass in column" ;
		PC:units = "Pa" ;
		PC:stagger = "" ;
		PC:coordinates = "XLONG XLAT XTIME" ;
	float LANDMASK(Time, south_north, west_east) ;
		LANDMASK:FieldType = 104 ;
		LANDMASK:MemoryOrder = "XY " ;
		LANDMASK:description = "LAND MASK (1 FOR LAND, 0 FOR WATER)" ;
		LANDMASK:units = "" ;
		LANDMASK:stagger = "" ;
		LANDMASK:coordinates = "XLONG XLAT XTIME" ;
	float LAKEMASK(Time, south_north, west_east) ;
		LAKEMASK:FieldType = 104 ;
		LAKEMASK:MemoryOrder = "XY " ;
		LAKEMASK:description = "LAKE MASK (1 FOR LAKE, 0 FOR NON-LAKE)" ;
		LAKEMASK:units = "" ;
		LAKEMASK:stagger = "" ;
		LAKEMASK:coordinates = "XLONG XLAT XTIME" ;
	float SST(Time, south_north, west_east) ;
		SST:FieldType = 104 ;
		SST:MemoryOrder = "XY " ;
		SST:description = "SEA SURFACE TEMPERATURE" ;
		SST:units = "K" ;
		SST:stagger = "" ;
		SST:coordinates = "XLONG XLAT XTIME" ;
	float SST_INPUT(Time, south_north, west_east) ;
		SST_INPUT:FieldType = 104 ;
		SST_INPUT:MemoryOrder = "XY " ;
		SST_INPUT:description = "SEA SURFACE TEMPERATURE FROM WRFLOWINPUT FILE" ;
		SST_INPUT:units = "K" ;
		SST_INPUT:stagger = "" ;
		SST_INPUT:coordinates = "XLONG XLAT XTIME" ;

// global attributes:
		:TITLE = " OUTPUT FROM WRF V4.5.1 MODEL" ;
		:START_DATE = "1980-01-01_00:00:00" ;
		:SIMULATION_START_DATE = "1978-07-01_00:00:00" ;
		:WEST-EAST_GRID_DIMENSION = 445 ;
		:SOUTH-NORTH_GRID_DIMENSION = 433 ;
		:BOTTOM-TOP_GRID_DIMENSION = 54 ;
		:DX = 12229.52f ;
		:DY = 12229.52f ;
		:AERCU_OPT = 0 ;
		:AERCU_FCT = 1.f ;
		:IDEAL_CASE = 0 ;
		:DIFF_6TH_SLOPEOPT = 0 ;
		:AUTO_LEVELS_OPT = 2 ;
		:DIFF_6TH_THRESH = 0.1f ;
		:DZBOT = 35.f ;
		:DZSTRETCH_S = 1.2f ;
		:DZSTRETCH_U = 1.04f ;
		:SKEBS_ON = 0 ;
		:USE_Q_DIABATIC = 0 ;
		:GRIDTYPE = "C" ;
		:DIFF_OPT = 2 ;
		:KM_OPT = 4 ;
		:DAMP_OPT = 3 ;
		:DAMPCOEF = 0.2f ;
		:KHDIF = 0.f ;
		:KVDIF = 0.f ;
		:MP_PHYSICS = 8 ;
		:RA_LW_PHYSICS = 4 ;
		:RA_SW_PHYSICS = 4 ;
		:SF_SFCLAY_PHYSICS = 5 ;
		:SF_SURFACE_PHYSICS = 4 ;
		:BL_PBL_PHYSICS = 5 ;
		:CU_PHYSICS = 1 ;
		:SF_LAKE_PHYSICS = 0 ;
		:SURFACE_INPUT_SOURCE = 1 ;
		:SST_UPDATE = 1 ;
		:GHG_INPUT = 1 ;
		:GRID_FDDA = 0 ;
		:GFDDA_INTERVAL_M = 0 ;
		:GFDDA_END_H = 0 ;
		:GRID_SFDDA = 0 ;
		:SGFDDA_INTERVAL_M = 0 ;
		:SGFDDA_END_H = 0 ;
		:HYPSOMETRIC_OPT = 2 ;
		:USE_THETA_M = 1 ;
		:GWD_OPT = 0 ;
		:SF_URBAN_PHYSICS = 0 ;
		:SF_SURFACE_MOSAIC = 0 ;
		:SF_OCEAN_PHYSICS = 0 ;
		:SHCU_PHYSICS = 0 ;
		:MFSHCONV = 0 ;
		:FEEDBACK = 0 ;
		:SMOOTH_OPTION = 0 ;
		:SWRAD_SCAT = 1.f ;
		:W_DAMPING = 1 ;
		:DT = 60.f ;
		:RADT = 12.f ;
		:BLDT = 0.f ;
		:CUDT = 0.f ;
		:AER_OPT = 2 ;
		:SWINT_OPT = 1 ;
		:AER_TYPE = 1 ;
		:AER_AOD550_OPT = 2 ;
		:AER_ANGEXP_OPT = 3 ;
		:AER_SSA_OPT = 3 ;
		:AER_ASY_OPT = 3 ;
		:AER_AOD550_VAL = 0.12f ;
		:AER_ANGEXP_VAL = 1.3f ;
		:AER_SSA_VAL = 0.85f ;
		:AER_ASY_VAL = 0.9f ;
		:MOIST_ADV_OPT = 1 ;
		:SCALAR_ADV_OPT = 1 ;
		:TKE_ADV_OPT = 1 ;
		:DIFF_6TH_OPT = 2 ;
		:DIFF_6TH_FACTOR = 0.12f ;
		:OBS_NUDGE_OPT = 0 ;
		:BUCKET_MM = 1000.f ;
		:BUCKET_J = 1.e+09f ;
		:PREC_ACC_DT = 0.f ;
		:ISFTCFLX = 0 ;
		:ISHALLOW = 0 ;
		:ISFFLX = 1 ;
		:ICLOUD = 1 ;
		:ICLOUD_CU = 2 ;
		:TRACER_PBLMIX = 1 ;
		:SCALAR_PBLMIX = 1 ;
		:YSU_TOPDOWN_PBLMIX = 1 ;
		:GRAV_SETTLING = 0 ;
		:CLDOVRLP = 2 ;
		:IDCOR = 0 ;
		:OPT_SFC = 1 ;
		:DVEG = 8 ;
		:OPT_CRS = 1 ;
		:OPT_BTR = 2 ;
		:OPT_RUN = 1 ;
		:OPT_FRZ = 1 ;
		:OPT_INF = 2 ;
		:OPT_RAD = 3 ;
		:OPT_ALB = 2 ;
		:OPT_SNF = 3 ;
		:OPT_TBOT = 2 ;
		:OPT_STC = 1 ;
		:OPT_GLA = 1 ;
		:OPT_RSF = 1 ;
		:OPT_SOIL = 1 ;
		:OPT_PEDO = 1 ;
		:OPT_CROP = 0 ;
		:OPT_IRR = 0 ;
		:OPT_IRRM = 0 ;
		:DFI_OPT = 0 ;
		:NTASKS_X = 32 ;
		:NTASKS_Y = 40 ;
		:NTASKS_TOTAL = 1280 ;
		:SIMULATION_INITIALIZATION_TYPE = "REAL-DATA CASE" ;
		:WEST-EAST_PATCH_START_UNSTAG = 1 ;
		:WEST-EAST_PATCH_END_UNSTAG = 444 ;
		:WEST-EAST_PATCH_START_STAG = 1 ;
		:WEST-EAST_PATCH_END_STAG = 445 ;
		:SOUTH-NORTH_PATCH_START_UNSTAG = 1 ;
		:SOUTH-NORTH_PATCH_END_UNSTAG = 432 ;
		:SOUTH-NORTH_PATCH_START_STAG = 1 ;
		:SOUTH-NORTH_PATCH_END_STAG = 433 ;
		:BOTTOM-TOP_PATCH_START_UNSTAG = 1 ;
		:BOTTOM-TOP_PATCH_END_UNSTAG = 53 ;
		:BOTTOM-TOP_PATCH_START_STAG = 1 ;
		:BOTTOM-TOP_PATCH_END_STAG = 54 ;
		:GRID_ID = 1 ;
		:PARENT_ID = 0 ;
		:I_PARENT_START = 1 ;
		:J_PARENT_START = 1 ;
		:PARENT_GRID_RATIO = 1 ;
		:CEN_LAT = 49.22056f ;
		:CEN_LON = 9.486538f ;
		:TRUELAT1 = 1.e+20f ;
		:TRUELAT2 = 1.e+20f ;
		:MOAD_CEN_LAT = 49.22056f ;
		:STAND_LON = -18.f ;
		:POLE_LAT = 39.25f ;
		:POLE_LON = 18.f ;
		:GMT = 0.f ;
		:JULYR = 1979 ;
		:JULDAY = 335 ;
		:MAP_PROJ = 6 ;
		:MAP_PROJ_CHAR = "Cylindrical Equidistant" ;
		:MMINLU = "MODIFIED_IGBP_MODIS_NOAH" ;
		:NUM_LAND_CAT = 21 ;
		:ISWATER = 17 ;
		:ISLAKE = 21 ;
		:ISICE = 15 ;
		:ISURBAN = 13 ;
		:ISOILWATER = 14 ;
		:HYBRID_OPT = 2 ;
		:ETAC = 0.2f ;
}
!
